#
# A fatal error has been detected by the Java Runtime Environment:
#
#  EXCEPTION_ACCESS_VIOLATION (0xc0000005) at pc=0x0000000003778038, pid=19868, tid=13828
#
# JRE version: Java(TM) SE Runtime Environment (8.0_91-b15) (build 1.8.0_91-b15)
# Java VM: Java HotSpot(TM) 64-Bit Server VM (25.91-b15 mixed mode windows-amd64 compressed oops)
# Problematic frame:
# j  jni.Cqslim.qslimRun([F[IF)Ljni/CqsMesh;+0
#
# Failed to write core dump. Minidumps are not enabled by default on client versions of Windows
#
# If you would like to submit a bug report, please visit:
#   http://bugreport.java.com/bugreport/crash.jsp
#

---------------  T H R E A D  ---------------

Current thread (0x0000000003662800):  JavaThread "main" [_thread_in_Java, id=13828, stack(0x00000000033d0000,0x00000000034d0000)]

siginfo: ExceptionCode=0xc0000005, reading address 0x00000000ed8bb7f4

Registers:
RAX=0x00000000ed8bb7f4, RBX=0x000000001cb293c8, RCX=0x0000000001320000, RDX=0x0000000001320000
RSP=0x00000000034cf140, RBP=0x00000000034cf1c8, RSI=0x000000000f50c000, RDI=0x00000000ed8ba0c5
R8 =0x00000000013bc420, R9 =0x0000000000000001, R10=0x0000000000000000, R11=0x00000000037719db
R12=0x0000000000000000, R13=0x000000001cb293c8, R14=0x00000000034cf1f8, R15=0x0000000003662800
RIP=0x0000000003778038, EFLAGS=0x0000000000010202

Top of Stack: (sp=0x00000000034cf140)
0x00000000034cf140:   0000000000000000 0000000003777f54
0x00000000034cf150:   00000000036629f8 000000001cb293c8
0x00000000034cf160:   000000001cb293c8 000000000f50c000
0x00000000034cf170:   000000003e99999a 0000000003662800
0x00000000034cf180:   0000000003777c82 00000000034cf188
0x00000000034cf190:   000000001cb293c8 00000000034cf1f8
0x00000000034cf1a0:   000000001cb29560 0000000000000000
0x00000000034cf1b0:   000000001cb293c8 0000000000000000
0x00000000034cf1c0:   00000000034cf1e8 00000000034cf240
0x00000000034cf1d0:   00000000037680e0 000000076c5d2a20
0x00000000034cf1e0:   00000000037719db 000000003e99999a
0x00000000034cf1f0:   000000076bed1980 000000076bd147f8
0x00000000034cf200:   00000000034cf200 000000001cb14558
0x00000000034cf210:   00000000034cf2b0 000000001cb14778
0x00000000034cf220:   0000000000000000 000000001cb146d0
0x00000000034cf230:   00000000034cf1e8 00000000034cf2b0 

Instructions: (pc=0x0000000003778038)
0x0000000003778018:   03 00 00 00 00 4c 3b 5d 18 0f 85 20 00 00 00 48
0x0000000003778028:   8b 04 24 48 83 c4 10 48 85 c0 0f 84 03 00 00 00
0x0000000003778038:   48 8b 00 48 89 45 10 48 83 ec 10 48 89 04 24 41
0x0000000003778048:   81 bf 9c 02 00 00 01 00 00 00 0f 85 bd 00 00 00 


Register to memory mapping:

RAX=0x00000000ed8bb7f4 is an unknown value
RBX={method} {0x000000001cb293d0} 'qslimRun' '([F[IF)Ljni/CqsMesh;' in 'jni/Cqslim'
RCX=0x0000000001320000 is an unknown value
RDX=0x0000000001320000 is an unknown value
RSP=0x00000000034cf140 is pointing into the stack for thread: 0x0000000003662800
RBP=0x00000000034cf1c8 is pointing into the stack for thread: 0x0000000003662800
RSI=0x000000000f50c000 is an unknown value
RDI=0x00000000ed8ba0c5 is an unknown value
R8 =0x00000000013bc420 is an unknown value
R9 =0x0000000000000001 is an unknown value
R10=0x0000000000000000 is an unknown value
R11=0x00000000037719db is at code_begin+27 in an Interpreter codelet
result handlers for native calls  [0x00000000037719c0, 0x00000000037719e0]  32 bytes
R12=0x0000000000000000 is an unknown value
R13={method} {0x000000001cb293d0} 'qslimRun' '([F[IF)Ljni/CqsMesh;' in 'jni/Cqslim'
R14=0x00000000034cf1f8 is pointing into the stack for thread: 0x0000000003662800
R15=0x0000000003662800 is a thread


Stack: [0x00000000033d0000,0x00000000034d0000],  sp=0x00000000034cf140,  free space=1020k
Native frames: (J=compiled Java code, j=interpreted, Vv=VM code, C=native code)
C  0x0000000003778038


---------------  P R O C E S S  ---------------

Java Threads: ( => current thread )
  0x000000001f147800 JavaThread "Service Thread" daemon [_thread_blocked, id=5972, stack(0x000000001fc20000,0x000000001fd20000)]
  0x000000001f0a0000 JavaThread "C1 CompilerThread3" daemon [_thread_blocked, id=22560, stack(0x000000001fb20000,0x000000001fc20000)]
  0x000000001f09b000 JavaThread "C2 CompilerThread2" daemon [_thread_blocked, id=15712, stack(0x000000001fa20000,0x000000001fb20000)]
  0x000000001f098000 JavaThread "C2 CompilerThread1" daemon [_thread_blocked, id=6776, stack(0x000000001f920000,0x000000001fa20000)]
  0x000000001f08d800 JavaThread "C2 CompilerThread0" daemon [_thread_blocked, id=14272, stack(0x000000001f820000,0x000000001f920000)]
  0x000000001f07e800 JavaThread "Monitor Ctrl-Break" daemon [_thread_in_native, id=11988, stack(0x000000001f720000,0x000000001f820000)]
  0x000000001f050000 JavaThread "Attach Listener" daemon [_thread_blocked, id=11040, stack(0x000000001f620000,0x000000001f720000)]
  0x000000001effe000 JavaThread "Signal Dispatcher" daemon [_thread_blocked, id=544, stack(0x000000001f520000,0x000000001f620000)]
  0x000000000375e800 JavaThread "Finalizer" daemon [_thread_blocked, id=1408, stack(0x000000001f3c0000,0x000000001f4c0000)]
  0x0000000003757000 JavaThread "Reference Handler" daemon [_thread_blocked, id=18604, stack(0x000000001eec0000,0x000000001efc0000)]
=>0x0000000003662800 JavaThread "main" [_thread_in_Java, id=13828, stack(0x00000000033d0000,0x00000000034d0000)]

Other Threads:
  0x000000001d0f9800 VMThread [stack: 0x000000001edc0000,0x000000001eec0000] [id=16056]
  0x000000001f1a4800 WatcherThread [stack: 0x000000001fd20000,0x000000001fe20000] [id=17700]

VM state:not at safepoint (normal execution)

VM Mutex/Monitor currently owned by a thread: None

Heap:
 PSYoungGen      total 75776K, used 14347K [0x000000076b800000, 0x0000000770c80000, 0x00000007c0000000)
  eden space 65024K, 22% used [0x000000076b800000,0x000000076c602d98,0x000000076f780000)
  from space 10752K, 0% used [0x0000000770200000,0x0000000770200000,0x0000000770c80000)
  to   space 10752K, 0% used [0x000000076f780000,0x000000076f780000,0x0000000770200000)
 ParOldGen       total 173568K, used 0K [0x00000006c2800000, 0x00000006cd180000, 0x000000076b800000)
  object space 173568K, 0% used [0x00000006c2800000,0x00000006c2800000,0x00000006cd180000)
 Metaspace       used 3857K, capacity 4704K, committed 4864K, reserved 1056768K
  class space    used 414K, capacity 464K, committed 512K, reserved 1048576K

Card table byte_map: [0x0000000012b20000,0x0000000013310000] byte_map_base: 0x000000000f50c000

Marking Bits: (ParMarkBitMap*) 0x0000000052c72f70
 Begin Bits: [0x0000000014060000, 0x0000000017fc0000)
 End Bits:   [0x0000000017fc0000, 0x000000001bf20000)

Polling page: 0x0000000001800000

CodeCache: size=245760Kb used=1687Kb max_used=1702Kb free=244072Kb
 bounds [0x0000000003760000, 0x00000000039d0000, 0x0000000012760000]
 total_blobs=493 nmethods=209 adapters=197
 compilation: enabled

Compilation events (10 events):
Event: 0.191 Thread 0x000000001f0a0000 nmethod 205 0x00000000039056d0 code [0x0000000003905860, 0x0000000003905db8]
Event: 0.191 Thread 0x000000001f0a0000  206       3       java.lang.String::indexOf (25 bytes)
Event: 0.191 Thread 0x000000001f0a0000 nmethod 206 0x00000000038fc450 code [0x00000000038fc5c0, 0x00000000038fc788]
Event: 0.198 Thread 0x000000001f0a0000  207       3       java.nio.charset.CharsetEncoder::maxBytesPerChar (5 bytes)
Event: 0.199 Thread 0x000000001f0a0000 nmethod 207 0x00000000038fc110 code [0x00000000038fc260, 0x00000000038fc3b0]
Event: 0.199 Thread 0x000000001f0a0000  208       1       java.net.URL::getFile (5 bytes)
Event: 0.199 Thread 0x000000001f098000 nmethod 181% 0x0000000003908dd0 code [0x0000000003909020, 0x000000000390a6f8]
Event: 0.199 Thread 0x000000001f0a0000 nmethod 208 0x0000000003905410 code [0x0000000003905560, 0x0000000003905670]
Event: 0.199 Thread 0x000000001f0a0000  209       3       sun.nio.cs.ext.DoubleByte$Encoder::encodeChar (21 bytes)
Event: 0.199 Thread 0x000000001f0a0000 nmethod 209 0x0000000003904f90 code [0x0000000003905100, 0x00000000039052b0]

GC Heap History (0 events):
No events

Deoptimization events (2 events):
Event: 0.148 Thread 0x0000000003662800 Uncommon trap: reason=unstable_if action=reinterpret pc=0x00000000038ada24 method=java.lang.Integer.valueOf(I)Ljava/lang/Integer; @ 3
Event: 0.183 Thread 0x0000000003662800 Uncommon trap: reason=unstable_if action=reinterpret pc=0x00000000038e2164 method=com.cloudmtr.Simplify.calculate_error(Lcom/cloudmtr/Simplify$Vertex;Lcom/cloudmtr/Simplify$Vertex;Lcom/cloudmtr/Vector3f;)D @ 36

Internal exceptions (6 events):
Event: 0.036 Thread 0x0000000003662800 Exception <a 'java/lang/NoSuchMethodError': Method sun.misc.Unsafe.defineClass(Ljava/lang/String;[BII)Ljava/lang/Class; name or signature does not match> (0x000000076b807cc0) thrown at [C:\re\workspace\8-2-build-windows-amd64-cygwin\jdk8u91\7017\hotspot\sr–§H#U¢?
Event: 0.036 Thread 0x0000000003662800 Exception <a 'java/lang/NoSuchMethodError': Method sun.misc.Unsafe.prefetchRead(Ljava/lang/Object;J)V name or signature does not match> (0x000000076b807fa8) thrown at [C:\re\workspace\8-2-build-windows-amd64-cygwin\jdk8u91\7017\hotspot\src\share\vm\prims\jµÒq∑53æ?
Event: 0.118 Thread 0x0000000003662800 Exception <a 'java/security/PrivilegedActionException'> (0x000000076bac3e50) thrown at [C:\re\workspace\8-2-build-windows-amd64-cygwin\jdk8u91\7017\hotspot\src\share\vm\prims\jvm.cpp, line 1386]
Event: 0.118 Thread 0x0000000003662800 Exception <a 'java/security/PrivilegedActionException'> (0x000000076bac4060) thrown at [C:\re\workspace\8-2-build-windows-amd64-cygwin\jdk8u91\7017\hotspot\src\share\vm\prims\jvm.cpp, line 1386]
Event: 0.118 Thread 0x0000000003662800 Exception <a 'java/security/PrivilegedActionException'> (0x000000076bac7ea8) thrown at [C:\re\workspace\8-2-build-windows-amd64-cygwin\jdk8u91\7017\hotspot\src\share\vm\prims\jvm.cpp, line 1386]
Event: 0.119 Thread 0x0000000003662800 Exception <a 'java/security/PrivilegedActionException'> (0x000000076bac80b8) thrown at [C:\re\workspace\8-2-build-windows-amd64-cygwin\jdk8u91\7017\hotspot\src\share\vm\prims\jvm.cpp, line 1386]

Events (10 events):
Event: 0.183 Thread 0x0000000003662800 DEOPT PACKING pc=0x00000000038e2164 sp=0x00000000034cee10
Event: 0.183 Thread 0x0000000003662800 DEOPT UNPACKING pc=0x00000000037a582a sp=0x00000000034cee08 mode 2
Event: 0.187 loading class com/cloudmtr/Simplify$Result
Event: 0.187 loading class com/cloudmtr/Simplify$Result done
Event: 0.190 loading class jni/Cqslim
Event: 0.190 loading class jni/Cqslim done
Event: 0.191 loading class jni/Native
Event: 0.191 loading class jni/Native done
Event: 0.339 loading class jni/CqsMesh
Event: 0.339 loading class jni/CqsMesh done


Dynamic libraries:
0x00007ff754a50000 - 0x00007ff754a87000 	C:\Program Files\Java\jdk1.8.0_91\bin\java.exe
0x00007ffb46e00000 - 0x00007ffb46ff0000 	C:\windows\SYSTEM32\ntdll.dll
0x00007ffb45300000 - 0x00007ffb453b2000 	C:\windows\System32\KERNEL32.DLL
0x00007ffb440a0000 - 0x00007ffb44344000 	C:\windows\System32\KERNELBASE.dll
0x00007ffb46b70000 - 0x00007ffb46c13000 	C:\windows\System32\ADVAPI32.dll
0x00007ffb45a00000 - 0x00007ffb45a9e000 	C:\windows\System32\msvcrt.dll
0x00007ffb45190000 - 0x00007ffb45227000 	C:\windows\System32\sechost.dll
0x00007ffb46a50000 - 0x00007ffb46b70000 	C:\windows\System32\RPCRT4.dll
0x00007ffb46c20000 - 0x00007ffb46db4000 	C:\windows\System32\USER32.dll
0x00007ffb44350000 - 0x00007ffb44371000 	C:\windows\System32\win32u.dll
0x00007ffb44eb0000 - 0x00007ffb44ed6000 	C:\windows\System32\GDI32.dll
0x00007ffb43db0000 - 0x00007ffb43f45000 	C:\windows\System32\gdi32full.dll
0x00007ffb44d00000 - 0x00007ffb44d9e000 	C:\windows\System32\msvcp_win.dll
0x00007ffb44380000 - 0x00007ffb4447a000 	C:\windows\System32\ucrtbase.dll
0x00007ffb289b0000 - 0x00007ffb28c34000 	C:\windows\WinSxS\amd64_microsoft.windows.common-controls_6595b64144ccf1df_6.0.18362.900_none_e6beb9d913147d17\COMCTL32.dll
0x00007ffb45660000 - 0x00007ffb45995000 	C:\windows\System32\combase.dll
0x00007ffb44e30000 - 0x00007ffb44eb0000 	C:\windows\System32\bcryptPrimitives.dll
0x00007ffb45ab0000 - 0x00007ffb45ade000 	C:\windows\System32\IMM32.DLL
0x0000000052d00000 - 0x0000000052dd2000 	C:\Program Files\Java\jdk1.8.0_91\jre\bin\msvcr100.dll
0x0000000052460000 - 0x0000000052cf3000 	C:\Program Files\Java\jdk1.8.0_91\jre\bin\server\jvm.dll
0x00007ffb46120000 - 0x00007ffb46128000 	C:\windows\System32\PSAPI.DLL
0x00007ffb407e0000 - 0x00007ffb40804000 	C:\windows\SYSTEM32\WINMM.dll
0x00007ffb3c600000 - 0x00007ffb3c60a000 	C:\windows\SYSTEM32\VERSION.dll
0x00007ffb3c6d0000 - 0x00007ffb3c6d9000 	C:\windows\SYSTEM32\WSOCK32.dll
0x00007ffb460b0000 - 0x00007ffb4611f000 	C:\windows\System32\WS2_32.dll
0x00007ffb407b0000 - 0x00007ffb407dd000 	C:\windows\SYSTEM32\WINMMBASE.dll
0x00007ffb44cb0000 - 0x00007ffb44cfa000 	C:\windows\System32\cfgmgr32.dll
0x0000000053910000 - 0x000000005391f000 	C:\Program Files\Java\jdk1.8.0_91\jre\bin\verify.dll
0x00000000538e0000 - 0x0000000053909000 	C:\Program Files\Java\jdk1.8.0_91\jre\bin\java.dll
0x00000000523d0000 - 0x00000000523f3000 	C:\Program Files\Java\jdk1.8.0_91\jre\bin\instrument.dll
0x0000000052440000 - 0x0000000052456000 	C:\Program Files\Java\jdk1.8.0_91\jre\bin\zip.dll
0x00007ffb46200000 - 0x00007ffb468e6000 	C:\windows\System32\SHELL32.dll
0x00007ffb468f0000 - 0x00007ffb46999000 	C:\windows\System32\shcore.dll
0x00007ffb44530000 - 0x00007ffb44cb0000 	C:\windows\System32\windows.storage.dll
0x00007ffb43d40000 - 0x00007ffb43d63000 	C:\windows\System32\profapi.dll
0x00007ffb43cf0000 - 0x00007ffb43d3a000 	C:\windows\System32\powrprof.dll
0x00007ffb43cc0000 - 0x00007ffb43cd0000 	C:\windows\System32\UMPDC.dll
0x00007ffb450b0000 - 0x00007ffb45102000 	C:\windows\System32\shlwapi.dll
0x00007ffb43cd0000 - 0x00007ffb43ce1000 	C:\windows\System32\kernel.appcore.dll
0x00007ffb43d90000 - 0x00007ffb43da7000 	C:\windows\System32\cryptsp.dll
0x00007ffb22480000 - 0x00007ffb2249a000 	E:\ideaIC-2017.1.1.win\bin\breakgen64.dll
0x0000000052420000 - 0x000000005243a000 	C:\Program Files\Java\jdk1.8.0_91\jre\bin\net.dll
0x00007ffb43530000 - 0x00007ffb43597000 	C:\windows\system32\mswsock.dll
0x00007ffb12cc0000 - 0x00007ffb12cd4000 	E:\workspace\sources\simplify\out\production\Simplify\jni\native\SimpleQSlim_64.dll
0x00007ffb26940000 - 0x00007ffb26956000 	C:\windows\SYSTEM32\VCRUNTIME140.dll
0x00007ffb22880000 - 0x00007ffb22919000 	C:\windows\SYSTEM32\MSVCP140.dll
0x00007ffb3f500000 - 0x00007ffb3f6f4000 	C:\windows\SYSTEM32\dbghelp.dll

VM Arguments:
jvm_args: -javaagent:E:\ideaIC-2017.1.1.win\lib\idea_rt.jar=58428:E:\ideaIC-2017.1.1.win\bin -Dfile.encoding=UTF-8 
java_command: com.cloudmtr.Test
java_class_path (initial): C:\Program Files\Java\jdk1.8.0_91\jre\lib\charsets.jar;C:\Program Files\Java\jdk1.8.0_91\jre\lib\deploy.jar;C:\Program Files\Java\jdk1.8.0_91\jre\lib\ext\access-bridge-64.jar;C:\Program Files\Java\jdk1.8.0_91\jre\lib\ext\cldrdata.jar;C:\Program Files\Java\jdk1.8.0_91\jre\lib\ext\dnsns.jar;C:\Program Files\Java\jdk1.8.0_91\jre\lib\ext\jaccess.jar;C:\Program Files\Java\jdk1.8.0_91\jre\lib\ext\jfxrt.jar;C:\Program Files\Java\jdk1.8.0_91\jre\lib\ext\localedata.jar;C:\Program Files\Java\jdk1.8.0_91\jre\lib\ext\nashorn.jar;C:\Program Files\Java\jdk1.8.0_91\jre\lib\ext\sunec.jar;C:\Program Files\Java\jdk1.8.0_91\jre\lib\ext\sunjce_provider.jar;C:\Program Files\Java\jdk1.8.0_91\jre\lib\ext\sunmscapi.jar;C:\Program Files\Java\jdk1.8.0_91\jre\lib\ext\sunpkcs11.jar;C:\Program Files\Java\jdk1.8.0_91\jre\lib\ext\zipfs.jar;C:\Program Files\Java\jdk1.8.0_91\jre\lib\javaws.jar;C:\Program Files\Java\jdk1.8.0_91\jre\lib\jce.jar;C:\Program Files\Java\jdk1.8.0_91\jre\lib\jfr.jar;C:\Program Files\Java\jdk1.8.0_91\jre\lib\jfxswt.jar;C:\Program Files\Java\jdk1.8.0_91\jre\lib\jsse.jar;C:\Program Files\Java\jdk1.8.0_91\jre\lib\management-agent.jar;C:\Program Files\Java\jdk1.8.0_91\jre\lib\plugin.jar;C:\Program Files\Java\jdk1.8.0_91\jre\lib\resources.jar;C:\Program Files\Java\jdk1.8.0_91\jre\lib\rt.jar;E:\workspace\sources\simplify\out\test\Simplify;E:\workspace\sources\simplify\out\production\Simplify;E:\ideaIC-2017.1.1.win\lib\idea_rt.jar
Launcher Type: SUN_STANDARD

Environment Variables:
JAVA_HOME=C:\Program Files\Java\jdk1.8.0_91
CLASSPATH=.;C:\Program Files\Java\jdk1.8.0_91\bin;C:\Program Files\Java\jdk1.8.0_91\lib\dt.jar;C:\Program Files\Java\jdk1.8.0_91\lib\tools.jar
PATH=C:\ProgramData\Oracle\Java\javapath;C:\windows\system32;C:\windows;C:\windows\System32\Wbem;C:\windows\System32\WindowsPowerShell\v1.0\;C:\windows\System32\OpenSSH\;C:\Program Files (x86)\NVIDIA Corporation\PhysX\Common;C:\Program Files\Java\jdk1.8.0_91\bin;E:\nodejs\node-v14.3.0-win-x64;E:\nodejs\node-v14.3.0-win-x64\node_global;E:\Program Files\TortoiseSVN\bin;E:\apache-maven\apache-maven-3.6.3\bin;E:\Program Files\Git\cmd;C:\Program Files (x86)\GtkSharp\2.12\bin;E:\Program Files\CMake\bin;C:\Program Files\Microsoft SQL Server\120\Tools\Binn\;C:\Program Files\Common Files\Autodesk Shared\;C:\Users\gjming\AppData\Local\Microsoft\WindowsApps;;E:\Microsoft VS Code\bin
USERNAME=gjming
OS=Windows_NT
PROCESSOR_IDENTIFIER=Intel64 Family 6 Model 142 Stepping 12, GenuineIntel



---------------  S Y S T E M  ---------------

OS: Windows 10.0 , 64 bit Build 18362 (10.0.18362.900)

CPU:total 8 (4 cores per cpu, 2 threads per core) family 6 model 142 stepping 12, cmov, cx8, fxsr, mmx, sse, sse2, sse3, ssse3, sse4.1, sse4.2, popcnt, avx, avx2, aes, clmul, erms, 3dnowpref, lzcnt, ht, tsc, tscinvbit, bmi1, bmi2, adx

Memory: 4k page, physical 16610856k(8417680k free), swap 20168984k(3358320k free)

vm_info: Java HotSpot(TM) 64-Bit Server VM (25.91-b15) for windows-amd64 JRE (1.8.0_91-b15), built on May 20 2016 17:43:15 by "java_re" with MS VC++ 10.0 (VS2010)

time: Thu Jul 02 19:30:25 2020
elapsed time: 0 seconds (0d 0h 0m 0s)

