#
# A fatal error has been detected by the Java Runtime Environment:
#
#  EXCEPTION_UNCAUGHT_CXX_EXCEPTION (0xe06d7363) at pc=0x00007ff93a28a719, pid=10552, tid=0x0000000000000728
#
# JRE version: Java(TM) SE Runtime Environment (8.0_181-b13) (build 1.8.0_181-b13)
# Java VM: Java HotSpot(TM) 64-Bit Server VM (25.181-b13 mixed mode windows-amd64 compressed oops)
# Problematic frame:
# C  [KERNELBASE.dll+0x3a719]
#
# Failed to write core dump. Minidumps are not enabled by default on client versions of Windows
#
# If you would like to submit a bug report, please visit:
#   http://bugreport.java.com/bugreport/crash.jsp
# The crash happened outside the Java Virtual Machine in native code.
# See problematic frame for where to report the bug.
#

---------------  T H R E A D  ---------------

Current thread (0x0000000003692800):  JavaThread "main" [_thread_in_native, id=1832, stack(0x00000000033b0000,0x00000000034b0000)]

siginfo: ExceptionCode=0xe06d7363, ExceptionInformation=0x0000000019930520 0x00000000034aee10 0x00007ff93432c3e8 0x00007ff934320000 

Registers:
RAX=0x333638303937342c, RBX=0x00007ff93432c3e8, RCX=0x313638303937342c, RDX=0x323638303937342c
RSP=0x00000000034aecb0, RBP=0x0000000000080000, RSI=0x00000000034aee10, RDI=0x0000000019930520
R8 =0x363638303937342c, R9 =0x393638303937342c, R10=0x383638303937342c, R11=0x303738303937342c
R12=0x0000000000000000, R13=0x000000000051f864, R14=0x00000004ade87990, R15=0x0000000001377e60
RIP=0x00007ff93a28a719, EFLAGS=0x0000000000000202

Top of Stack: (sp=0x00000000034aecb0)
0x00000000034aecb0:   00000000012d0000 00007ff93432c3e8
0x00000000034aecc0:   00000000034aee10 0000000000400000
0x00000000034aecd0:   00000001e06d7363 0000000000000000
0x00000000034aece0:   00007ff93a28a719 0000000000000004
0x00000000034aecf0:   0000000019930520 00000000034aee10
0x00000000034aed00:   00007ff93432c3e8 00007ff934320000
0x00000000034aed10:   000000000051f864 0000000000000000
0x00000000034aed20:   00000000034aee10 0000000000080000
0x00000000034aed30:   00000000034aedb0 00007ff93cd9f41f
0x00000000034aed40:   0000000019930520 0000000400000000
0x00000000034aed50:   0000000000000000 00007ff93cdd3550
0x00000000034aed60:   00007ff93432f000 00007ff934320000
0x00000000034aed70:   0000c3ce3ec686a5 00007ff93a271dbb
0x00000000034aed80:   00007ff93432c3e8 00007ff90efa6210
0x00000000034aed90:   0000acf3dc797b13 00000004ade87990
0x00000000034aeda0:   0000000000000008 00007ff939dc9f46 

Instructions: (pc=0x00007ff93a28a719)
0x00007ff93a28a6f9:   8b d1 44 0f 47 c0 44 89 44 24 38 49 c1 e0 03 e8
0x00007ff93a28a709:   7a 4e 05 00 48 8d 4c 24 20 48 ff 15 9f c8 16 00
0x00007ff93a28a719:   0f 1f 44 00 00 48 8b 8c 24 c0 00 00 00 48 33 cc
0x00007ff93a28a729:   e8 72 ef 04 00 48 81 c4 d8 00 00 00 c3 83 64 24 


Register to memory mapping:

RAX=0x333638303937342c is an unknown value
RBX=0x00007ff93432c3e8 is an unknown value
RCX=0x313638303937342c is an unknown value
RDX=0x323638303937342c is an unknown value
RSP=0x00000000034aecb0 is pointing into the stack for thread: 0x0000000003692800
RBP=0x0000000000080000 is an unknown value
RSI=0x00000000034aee10 is pointing into the stack for thread: 0x0000000003692800
RDI=0x0000000019930520 is an unknown value
R8 =0x363638303937342c is an unknown value
R9 =0x393638303937342c is an unknown value
R10=0x383638303937342c is an unknown value
R11=0x303738303937342c is an unknown value
R12=0x0000000000000000 is an unknown value
R13=0x000000000051f864 is an unknown value
R14=0x00000004ade87990 is an unknown value
R15=0x0000000001377e60 is an unknown value


Stack: [0x00000000033b0000,0x00000000034b0000],  sp=0x00000000034aecb0,  free space=1019k
Native frames: (J=compiled Java code, j=interpreted, Vv=VM code, C=native code)
C  [KERNELBASE.dll+0x3a719]
C  [VCRUNTIME140.dll+0x6210]
C  [SimpleQSlim_x64.dll+0x9403]

Java frames: (J=compiled Java code, j=interpreted, Vv=VM code)
j  jni.Cqslim.qslimRun([F[IF)Ljni/CqsMesh;+0
j  com.cloudmtr.Test.testWrite()V+182
j  com.cloudmtr.Test.main([Ljava/lang/String;)V+35
v  ~StubRoutines::call_stub

---------------  P R O C E S S  ---------------

Java Threads: ( => current thread )
  0x000000001f1d3800 JavaThread "Service Thread" daemon [_thread_blocked, id=13676, stack(0x000000001fca0000,0x000000001fda0000)]
  0x000000001f18b800 JavaThread "C1 CompilerThread3" daemon [_thread_blocked, id=5908, stack(0x000000001fba0000,0x000000001fca0000)]
  0x000000001f186800 JavaThread "C2 CompilerThread2" daemon [_thread_blocked, id=7236, stack(0x000000001faa0000,0x000000001fba0000)]
  0x000000001f184000 JavaThread "C2 CompilerThread1" daemon [_thread_blocked, id=9920, stack(0x000000001f9a0000,0x000000001faa0000)]
  0x000000001f182000 JavaThread "C2 CompilerThread0" daemon [_thread_blocked, id=1760, stack(0x000000001f8a0000,0x000000001f9a0000)]
  0x000000001f173000 JavaThread "Monitor Ctrl-Break" daemon [_thread_in_native, id=1968, stack(0x000000001f7a0000,0x000000001f8a0000)]
  0x000000001f12d000 JavaThread "Attach Listener" daemon [_thread_blocked, id=5592, stack(0x000000001f6a0000,0x000000001f7a0000)]
  0x000000001f12c000 JavaThread "Signal Dispatcher" daemon [_thread_blocked, id=13772, stack(0x000000001f5a0000,0x000000001f6a0000)]
  0x000000001f0c0800 JavaThread "Finalizer" daemon [_thread_blocked, id=8216, stack(0x000000001f4a0000,0x000000001f5a0000)]
  0x000000001d1bd000 JavaThread "Reference Handler" daemon [_thread_blocked, id=12556, stack(0x000000001efa0000,0x000000001f0a0000)]
=>0x0000000003692800 JavaThread "main" [_thread_in_native, id=1832, stack(0x00000000033b0000,0x00000000034b0000)]

Other Threads:
  0x000000001d1b9000 VMThread [stack: 0x000000001eea0000,0x000000001efa0000] [id=11820]
  0x000000001f248800 WatcherThread [stack: 0x000000001fda0000,0x000000001fea0000] [id=4528]

VM state:not at safepoint (normal execution)

VM Mutex/Monitor currently owned by a thread: None

Heap:
 PSYoungGen      total 926208K, used 546681K [0x000000076b380000, 0x00000007c0000000, 0x00000007c0000000)
  eden space 463360K, 60% used [0x000000076b380000,0x000000077c30e3e8,0x0000000787800000)
  from space 462848K, 58% used [0x00000007a3c00000,0x00000007b42501f8,0x00000007c0000000)
  to   space 462848K, 0% used [0x0000000787800000,0x0000000787800000,0x00000007a3c00000)
 ParOldGen       total 2778624K, used 1359371K [0x00000006c1a00000, 0x000000076b380000, 0x000000076b380000)
  object space 2778624K, 48% used [0x00000006c1a00000,0x0000000714982dc0,0x000000076b380000)
 Metaspace       used 4106K, capacity 4638K, committed 4864K, reserved 1056768K
  class space    used 440K, capacity 462K, committed 512K, reserved 1048576K

Card table byte_map: [0x0000000012b50000,0x0000000013350000] byte_map_base: 0x000000000f543000

Marking Bits: (ParMarkBitMap*) 0x00000000558c2d00
 Begin Bits: [0x00000000140a0000, 0x0000000018038000)
 End Bits:   [0x0000000018038000, 0x000000001bfd0000)

Polling page: 0x0000000000ff0000

CodeCache: size=245760Kb used=2330Kb max_used=2347Kb free=243429Kb
 bounds [0x0000000003790000, 0x0000000003a00000, 0x0000000012790000]
 total_blobs=587 nmethods=318 adapters=182
 compilation: enabled

Compilation events (10 events):
Event: 182.973 Thread 0x000000001f18b800  318       3       java.nio.charset.CharsetEncoder::maxBytesPerChar (5 bytes)
Event: 183.331 Thread 0x000000001f18b800 nmethod 318 0x00000000039bc050 code [0x00000000039bc1a0, 0x00000000039bc2f0]
Event: 183.331 Thread 0x000000001f18b800  320       3       java.lang.Character::isSurrogate (18 bytes)
Event: 183.333 Thread 0x000000001f18b800 nmethod 320 0x00000000039dc510 code [0x00000000039dc660, 0x00000000039dc830]
Event: 183.333 Thread 0x000000001f18b800  319       1       java.net.URL::getAuthority (5 bytes)
Event: 183.333 Thread 0x000000001f18b800 nmethod 319 0x00000000039dc250 code [0x00000000039dc3a0, 0x00000000039dc4b0]
Event: 187.692 Thread 0x000000001f18b800  322   !   3       java.io.BufferedWriter::write (117 bytes)
Event: 187.796 Thread 0x000000001f18b800 nmethod 322 0x00000000039db4d0 code [0x00000000039db6a0, 0x00000000039dbe08]
Event: 187.797 Thread 0x000000001f18b800  321       3       java.io.Writer::write (11 bytes)
Event: 187.798 Thread 0x000000001f18b800 nmethod 321 0x00000000039daf10 code [0x00000000039db080, 0x00000000039db388]

GC Heap History (10 events):
Event: 186.451 GC heap before
{Heap before GC invocations=121 (full 15):
 PSYoungGen      total 926208K, used 463424K [0x000000076b380000, 0x00000007c0000000, 0x00000007c0000000)
  eden space 463360K, 100% used [0x000000076b380000,0x0000000787800000,0x0000000787800000)
  from space 462848K, 0% used [0x0000000787800000,0x0000000787810000,0x00000007a3c00000)
  to   space 462848K, 0% used [0x00000007a3c00000,0x00000007a3c00000,0x00000007c0000000)
 ParOldGen       total 2778624K, used 1359363K [0x00000006c1a00000, 0x000000076b380000, 0x000000076b380000)
  object space 2778624K, 48% used [0x00000006c1a00000,0x0000000714980dc0,0x000000076b380000)
 Metaspace       used 4104K, capacity 4638K, committed 4864K, reserved 1056768K
  class space    used 440K, capacity 462K, committed 512K, reserved 1048576K
Event: 186.456 GC heap after
Heap after GC invocations=121 (full 15):
 PSYoungGen      total 926208K, used 32K [0x000000076b380000, 0x00000007c0000000, 0x00000007c0000000)
  eden space 463360K, 0% used [0x000000076b380000,0x000000076b380000,0x0000000787800000)
  from space 462848K, 0% used [0x00000007a3c00000,0x00000007a3c08000,0x00000007c0000000)
  to   space 462848K, 0% used [0x0000000787800000,0x0000000787800000,0x00000007a3c00000)
 ParOldGen       total 2778624K, used 1359363K [0x00000006c1a00000, 0x000000076b380000, 0x000000076b380000)
  object space 2778624K, 48% used [0x00000006c1a00000,0x0000000714980dc0,0x000000076b380000)
 Metaspace       used 4104K, capacity 4638K, committed 4864K, reserved 1056768K
  class space    used 440K, capacity 462K, committed 512K, reserved 1048576K
}
Event: 186.775 GC heap before
{Heap before GC invocations=122 (full 15):
 PSYoungGen      total 926208K, used 463392K [0x000000076b380000, 0x00000007c0000000, 0x00000007c0000000)
  eden space 463360K, 100% used [0x000000076b380000,0x0000000787800000,0x0000000787800000)
  from space 462848K, 0% used [0x00000007a3c00000,0x00000007a3c08000,0x00000007c0000000)
  to   space 462848K, 0% used [0x0000000787800000,0x0000000787800000,0x00000007a3c00000)
 ParOldGen       total 2778624K, used 1359363K [0x00000006c1a00000, 0x000000076b380000, 0x000000076b380000)
  object space 2778624K, 48% used [0x00000006c1a00000,0x0000000714980dc0,0x000000076b380000)
 Metaspace       used 4104K, capacity 4638K, committed 4864K, reserved 1056768K
  class space    used 440K, capacity 462K, committed 512K, reserved 1048576K
Event: 186.780 GC heap after
Heap after GC invocations=122 (full 15):
 PSYoungGen      total 926208K, used 32K [0x000000076b380000, 0x00000007c0000000, 0x00000007c0000000)
  eden space 463360K, 0% used [0x000000076b380000,0x000000076b380000,0x0000000787800000)
  from space 462848K, 0% used [0x0000000787800000,0x0000000787808000,0x00000007a3c00000)
  to   space 462848K, 0% used [0x00000007a3c00000,0x00000007a3c00000,0x00000007c0000000)
 ParOldGen       total 2778624K, used 1359363K [0x00000006c1a00000, 0x000000076b380000, 0x000000076b380000)
  object space 2778624K, 48% used [0x00000006c1a00000,0x0000000714980dc0,0x000000076b380000)
 Metaspace       used 4104K, capacity 4638K, committed 4864K, reserved 1056768K
  class space    used 440K, capacity 462K, committed 512K, reserved 1048576K
}
Event: 187.086 GC heap before
{Heap before GC invocations=123 (full 15):
 PSYoungGen      total 926208K, used 463392K [0x000000076b380000, 0x00000007c0000000, 0x00000007c0000000)
  eden space 463360K, 100% used [0x000000076b380000,0x0000000787800000,0x0000000787800000)
  from space 462848K, 0% used [0x0000000787800000,0x0000000787808000,0x00000007a3c00000)
  to   space 462848K, 0% used [0x00000007a3c00000,0x00000007a3c00000,0x00000007c0000000)
 ParOldGen       total 2778624K, used 1359363K [0x00000006c1a00000, 0x000000076b380000, 0x000000076b380000)
  object space 2778624K, 48% used [0x00000006c1a00000,0x0000000714980dc0,0x000000076b380000)
 Metaspace       used 4104K, capacity 4638K, committed 4864K, reserved 1056768K
  class space    used 440K, capacity 462K, committed 512K, reserved 1048576K
Event: 187.090 GC heap after
Heap after GC invocations=123 (full 15):
 PSYoungGen      total 926208K, used 32K [0x000000076b380000, 0x00000007c0000000, 0x00000007c0000000)
  eden space 463360K, 0% used [0x000000076b380000,0x000000076b380000,0x0000000787800000)
  from space 462848K, 0% used [0x00000007a3c00000,0x00000007a3c08000,0x00000007c0000000)
  to   space 462848K, 0% used [0x0000000787800000,0x0000000787800000,0x00000007a3c00000)
 ParOldGen       total 2778624K, used 1359363K [0x00000006c1a00000, 0x000000076b380000, 0x000000076b380000)
  object space 2778624K, 48% used [0x00000006c1a00000,0x0000000714980dc0,0x000000076b380000)
 Metaspace       used 4104K, capacity 4638K, committed 4864K, reserved 1056768K
  class space    used 440K, capacity 462K, committed 512K, reserved 1048576K
}
Event: 187.300 GC heap before
{Heap before GC invocations=124 (full 15):
 PSYoungGen      total 926208K, used 424913K [0x000000076b380000, 0x00000007c0000000, 0x00000007c0000000)
  eden space 463360K, 91% used [0x000000076b380000,0x000000078526c748,0x0000000787800000)
  from space 462848K, 0% used [0x00000007a3c00000,0x00000007a3c08000,0x00000007c0000000)
  to   space 462848K, 0% used [0x0000000787800000,0x0000000787800000,0x00000007a3c00000)
 ParOldGen       total 2778624K, used 1359363K [0x00000006c1a00000, 0x000000076b380000, 0x000000076b380000)
  object space 2778624K, 48% used [0x00000006c1a00000,0x0000000714980dc0,0x000000076b380000)
 Metaspace       used 4104K, capacity 4638K, committed 4864K, reserved 1056768K
  class space    used 440K, capacity 462K, committed 512K, reserved 1048576K
Event: 187.317 GC heap after
Heap after GC invocations=124 (full 15):
 PSYoungGen      total 926208K, used 131296K [0x000000076b380000, 0x00000007c0000000, 0x00000007c0000000)
  eden space 463360K, 0% used [0x000000076b380000,0x000000076b380000,0x0000000787800000)
  from space 462848K, 28% used [0x0000000787800000,0x000000078f838010,0x00000007a3c00000)
  to   space 462848K, 0% used [0x00000007a3c00000,0x00000007a3c00000,0x00000007c0000000)
 ParOldGen       total 2778624K, used 1359363K [0x00000006c1a00000, 0x000000076b380000, 0x000000076b380000)
  object space 2778624K, 48% used [0x00000006c1a00000,0x0000000714980dc0,0x000000076b380000)
 Metaspace       used 4104K, capacity 4638K, committed 4864K, reserved 1056768K
  class space    used 440K, capacity 462K, committed 512K, reserved 1048576K
}
Event: 187.413 GC heap before
{Heap before GC invocations=125 (full 15):
 PSYoungGen      total 926208K, used 594656K [0x000000076b380000, 0x00000007c0000000, 0x00000007c0000000)
  eden space 463360K, 100% used [0x000000076b380000,0x0000000787800000,0x0000000787800000)
  from space 462848K, 28% used [0x0000000787800000,0x000000078f838010,0x00000007a3c00000)
  to   space 462848K, 0% used [0x00000007a3c00000,0x00000007a3c00000,0x00000007c0000000)
 ParOldGen       total 2778624K, used 1359363K [0x00000006c1a00000, 0x000000076b380000, 0x000000076b380000)
  object space 2778624K, 48% used [0x00000006c1a00000,0x0000000714980dc0,0x000000076b380000)
 Metaspace       used 4104K, capacity 4638K, committed 4864K, reserved 1056768K
  class space    used 440K, capacity 462K, committed 512K, reserved 1048576K
Event: 187.503 GC heap after
Heap after GC invocations=125 (full 15):
 PSYoungGen      total 926208K, used 268608K [0x000000076b380000, 0x00000007c0000000, 0x00000007c0000000)
  eden space 463360K, 0% used [0x000000076b380000,0x000000076b380000,0x0000000787800000)
  from space 462848K, 58% used [0x00000007a3c00000,0x00000007b42501f8,0x00000007c0000000)
  to   space 462848K, 0% used [0x0000000787800000,0x0000000787800000,0x00000007a3c00000)
 ParOldGen       total 2778624K, used 1359371K [0x00000006c1a00000, 0x000000076b380000, 0x000000076b380000)
  object space 2778624K, 48% used [0x00000006c1a00000,0x0000000714982dc0,0x000000076b380000)
 Metaspace       used 4104K, capacity 4638K, committed 4864K, reserved 1056768K
  class space    used 440K, capacity 462K, committed 512K, reserved 1048576K
}

Deoptimization events (10 events):
Event: 11.449 Thread 0x0000000003692800 Uncommon trap: reason=unstable_if action=reinterpret pc=0x00000000039341f8 method=sun.misc.FDBigInteger.rightInplaceSub(Lsun/misc/FDBigInteger;)Lsun/misc/FDBigInteger; @ 215
Event: 11.464 Thread 0x0000000003692800 Uncommon trap: reason=class_check action=maybe_recompile pc=0x00000000039471fc method=sun.misc.FloatingDecimal.parseFloat(Ljava/lang/String;)F @ 4
Event: 12.675 Thread 0x0000000003692800 Uncommon trap: reason=unstable_if action=reinterpret pc=0x0000000003967510 method=com.cloudmtr.Test.getPositions(Ljava/lang/String;)[F @ 98
Event: 12.675 Thread 0x0000000003692800 Uncommon trap: reason=unstable_if action=reinterpret pc=0x00000000038f2990 method=java.nio.charset.CharsetDecoder.decode(Ljava/nio/ByteBuffer;Ljava/nio/CharBuffer;Z)Ljava/nio/charset/CoderResult; @ 15
Event: 12.839 Thread 0x0000000003692800 Uncommon trap: reason=unstable_if action=reinterpret pc=0x0000000003903ed8 method=java.lang.String.substring(II)Ljava/lang/String; @ 49
Event: 13.021 Thread 0x0000000003692800 Uncommon trap: reason=array_check action=maybe_recompile pc=0x0000000003913d70 method=java.util.AbstractCollection.toArray([Ljava/lang/Object;)[Ljava/lang/Object; @ 119
Event: 13.171 Thread 0x0000000003692800 Uncommon trap: reason=unstable_if action=reinterpret pc=0x00000000039a9228 method=com.cloudmtr.Test.getIndices(Ljava/lang/String;)[I @ 98
Event: 13.173 Thread 0x0000000003692800 Uncommon trap: reason=unstable_if action=reinterpret pc=0x0000000003904508 method=java.util.ArrayList.calculateCapacity([Ljava/lang/Object;I)I @ 4
Event: 13.174 Thread 0x0000000003692800 Uncommon trap: reason=unstable_if action=reinterpret pc=0x00000000039a4530 method=java.lang.Integer.valueOf(I)Ljava/lang/Integer; @ 10
Event: 35.200 Thread 0x0000000003692800 Uncommon trap: reason=unstable_if action=reinterpret pc=0x00000000039a29f0 method=java.lang.Integer.valueOf(I)Ljava/lang/Integer; @ 10

Classes redefined (0 events):
No events

Internal exceptions (6 events):
Event: 0.043 Thread 0x0000000003692800 Exception <a 'java/lang/NoSuchMethodError': Method sun.misc.Unsafe.defineClass(Ljava/lang/String;[BII)Ljava/lang/Class; name or signature does not match> (0x000000076b387cb0) thrown at [C:\re\workspace\8-2-build-windows-amd64-cygwin\jdk8u181\11358\hotspot
Event: 0.043 Thread 0x0000000003692800 Exception <a 'java/lang/NoSuchMethodError': Method sun.misc.Unsafe.prefetchRead(Ljava/lang/Object;J)V name or signature does not match> (0x000000076b387f98) thrown at [C:\re\workspace\8-2-build-windows-amd64-cygwin\jdk8u181\11358\hotspot\src\share\vm\prim
Event: 0.132 Thread 0x0000000003692800 Exception <a 'java/security/PrivilegedActionException'> (0x000000076b50f0a0) thrown at [C:\re\workspace\8-2-build-windows-amd64-cygwin\jdk8u181\11358\hotspot\src\share\vm\prims\jvm.cpp, line 1435]
Event: 0.132 Thread 0x0000000003692800 Exception <a 'java/security/PrivilegedActionException'> (0x000000076b50f2b0) thrown at [C:\re\workspace\8-2-build-windows-amd64-cygwin\jdk8u181\11358\hotspot\src\share\vm\prims\jvm.cpp, line 1435]
Event: 0.133 Thread 0x0000000003692800 Exception <a 'java/security/PrivilegedActionException'> (0x000000076b5112e8) thrown at [C:\re\workspace\8-2-build-windows-amd64-cygwin\jdk8u181\11358\hotspot\src\share\vm\prims\jvm.cpp, line 1435]
Event: 0.133 Thread 0x0000000003692800 Exception <a 'java/security/PrivilegedActionException'> (0x000000076b5114f8) thrown at [C:\re\workspace\8-2-build-windows-amd64-cygwin\jdk8u181\11358\hotspot\src\share\vm\prims\jvm.cpp, line 1435]

Events (10 events):
Event: 187.086 Executing VM operation: ParallelGCFailedAllocation
Event: 187.090 Executing VM operation: ParallelGCFailedAllocation done
Event: 187.300 Executing VM operation: ParallelGCFailedAllocation
Event: 187.318 Executing VM operation: ParallelGCFailedAllocation done
Event: 187.413 Executing VM operation: ParallelGCFailedAllocation
Event: 187.503 Executing VM operation: ParallelGCFailedAllocation done
Event: 187.796 Thread 0x000000001f18b800 flushing nmethod 0x0000000003892910
Event: 187.796 Thread 0x000000001f18b800 flushing nmethod 0x0000000003893850
Event: 187.798 Thread 0x000000001f18b800 flushing nmethod 0x00000000038a4350
Event: 187.799 Thread 0x000000001f18b800 flushing nmethod 0x00000000038a9e90


Dynamic libraries:
0x00007ff684e50000 - 0x00007ff684e87000 	E:\jdk1.8\bin\java.exe
0x00007ff93cd80000 - 0x00007ff93cf70000 	C:\WINDOWS\SYSTEM32\ntdll.dll
0x00007ff93c190000 - 0x00007ff93c242000 	C:\WINDOWS\System32\KERNEL32.DLL
0x00007ff93a250000 - 0x00007ff93a4f4000 	C:\WINDOWS\System32\KERNELBASE.dll
0x00007ff93af00000 - 0x00007ff93afa3000 	C:\WINDOWS\System32\ADVAPI32.dll
0x00007ff93c400000 - 0x00007ff93c49e000 	C:\WINDOWS\System32\msvcrt.dll
0x00007ff93c660000 - 0x00007ff93c6f7000 	C:\WINDOWS\System32\sechost.dll
0x00007ff93c2d0000 - 0x00007ff93c3f0000 	C:\WINDOWS\System32\RPCRT4.dll
0x00007ff93b9b0000 - 0x00007ff93bb45000 	C:\WINDOWS\System32\USER32.dll
0x00007ff93ae00000 - 0x00007ff93ae21000 	C:\WINDOWS\System32\win32u.dll
0x00007ff93c870000 - 0x00007ff93c896000 	C:\WINDOWS\System32\GDI32.dll
0x00007ff93a0b0000 - 0x00007ff93a246000 	C:\WINDOWS\System32\gdi32full.dll
0x00007ff93ad60000 - 0x00007ff93adfe000 	C:\WINDOWS\System32\msvcp_win.dll
0x00007ff939db0000 - 0x00007ff939eaa000 	C:\WINDOWS\System32\ucrtbase.dll
0x00007ff92ce70000 - 0x00007ff92d0f4000 	C:\WINDOWS\WinSxS\amd64_microsoft.windows.common-controls_6595b64144ccf1df_6.0.18362.1016_none_9e7a36bbe461dae4\COMCTL32.dll
0x00007ff93bcb0000 - 0x00007ff93bfe5000 	C:\WINDOWS\System32\combase.dll
0x00007ff939eb0000 - 0x00007ff939f30000 	C:\WINDOWS\System32\bcryptPrimitives.dll
0x00007ff93c8a0000 - 0x00007ff93c8ce000 	C:\WINDOWS\System32\IMM32.DLL
0x0000000055950000 - 0x0000000055a22000 	E:\jdk1.8\jre\bin\msvcr100.dll
0x00000000550a0000 - 0x0000000055942000 	E:\jdk1.8\jre\bin\server\jvm.dll
0x00007ff93c250000 - 0x00007ff93c258000 	C:\WINDOWS\System32\PSAPI.DLL
0x00007ff923e80000 - 0x00007ff923e89000 	C:\WINDOWS\SYSTEM32\WSOCK32.dll
0x00007ff932110000 - 0x00007ff93211a000 	C:\WINDOWS\SYSTEM32\VERSION.dll
0x00007ff933780000 - 0x00007ff9337a4000 	C:\WINDOWS\SYSTEM32\WINMM.dll
0x00007ff93c260000 - 0x00007ff93c2cf000 	C:\WINDOWS\System32\WS2_32.dll
0x00007ff933750000 - 0x00007ff93377d000 	C:\WINDOWS\SYSTEM32\winmmbase.dll
0x00007ff93ac90000 - 0x00007ff93acda000 	C:\WINDOWS\System32\cfgmgr32.dll
0x0000000055090000 - 0x000000005509f000 	E:\jdk1.8\jre\bin\verify.dll
0x0000000055060000 - 0x0000000055089000 	E:\jdk1.8\jre\bin\java.dll
0x0000000055010000 - 0x0000000055033000 	E:\jdk1.8\jre\bin\instrument.dll
0x0000000055040000 - 0x0000000055056000 	E:\jdk1.8\jre\bin\zip.dll
0x00007ff93afb0000 - 0x00007ff93b697000 	C:\WINDOWS\System32\SHELL32.dll
0x00007ff93c7c0000 - 0x00007ff93c869000 	C:\WINDOWS\System32\shcore.dll
0x00007ff93a500000 - 0x00007ff93ac82000 	C:\WINDOWS\System32\windows.storage.dll
0x00007ff939c60000 - 0x00007ff939c83000 	C:\WINDOWS\System32\profapi.dll
0x00007ff939cb0000 - 0x00007ff939cfa000 	C:\WINDOWS\System32\powrprof.dll
0x00007ff939c30000 - 0x00007ff939c40000 	C:\WINDOWS\System32\UMPDC.dll
0x00007ff93bb50000 - 0x00007ff93bba2000 	C:\WINDOWS\System32\shlwapi.dll
0x00007ff939c40000 - 0x00007ff939c51000 	C:\WINDOWS\System32\kernel.appcore.dll
0x00007ff93ad40000 - 0x00007ff93ad57000 	C:\WINDOWS\System32\cryptsp.dll
0x00007ff9355e0000 - 0x00007ff9355fa000 	E:\IntelliJ IDEA 2020.1\bin\breakgen64.dll
0x0000000054ff0000 - 0x000000005500a000 	E:\jdk1.8\jre\bin\net.dll
0x00007ff939490000 - 0x00007ff9394f7000 	C:\WINDOWS\system32\mswsock.dll
0x00007ff934320000 - 0x00007ff934334000 	C:\Users\Lenovo\AppData\Local\Temp\SimpleQSlim_x64.dll
0x00007ff90ef00000 - 0x00007ff90ef91000 	C:\WINDOWS\SYSTEM32\MSVCP140.dll
0x00007ff90efa0000 - 0x00007ff90efb9000 	C:\WINDOWS\SYSTEM32\VCRUNTIME140.dll
0x00007ff912950000 - 0x00007ff91295c000 	C:\WINDOWS\SYSTEM32\VCRUNTIME140_1.dll
0x00007ff926290000 - 0x00007ff926484000 	C:\WINDOWS\SYSTEM32\dbghelp.dll

VM Arguments:
jvm_args: -javaagent:E:\IntelliJ IDEA 2020.1\lib\idea_rt.jar=51163:E:\IntelliJ IDEA 2020.1\bin -Dfile.encoding=UTF-8 
java_command: com.cloudmtr.Test
java_class_path (initial): E:\jdk1.8\jre\lib\charsets.jar;E:\jdk1.8\jre\lib\deploy.jar;E:\jdk1.8\jre\lib\ext\access-bridge-64.jar;E:\jdk1.8\jre\lib\ext\cldrdata.jar;E:\jdk1.8\jre\lib\ext\dnsns.jar;E:\jdk1.8\jre\lib\ext\jaccess.jar;E:\jdk1.8\jre\lib\ext\jfxrt.jar;E:\jdk1.8\jre\lib\ext\localedata.jar;E:\jdk1.8\jre\lib\ext\nashorn.jar;E:\jdk1.8\jre\lib\ext\sunec.jar;E:\jdk1.8\jre\lib\ext\sunjce_provider.jar;E:\jdk1.8\jre\lib\ext\sunmscapi.jar;E:\jdk1.8\jre\lib\ext\sunpkcs11.jar;E:\jdk1.8\jre\lib\ext\zipfs.jar;E:\jdk1.8\jre\lib\javaws.jar;E:\jdk1.8\jre\lib\jce.jar;E:\jdk1.8\jre\lib\jfr.jar;E:\jdk1.8\jre\lib\jfxswt.jar;E:\jdk1.8\jre\lib\jsse.jar;E:\jdk1.8\jre\lib\management-agent.jar;E:\jdk1.8\jre\lib\plugin.jar;E:\jdk1.8\jre\lib\resources.jar;E:\jdk1.8\jre\lib\rt.jar;D:\JhonKkk\Other\sources\simplify\Simplify\out\test\Simplify;D:\JhonKkk\Other\sources\simplify\Simplify\out\production\main;E:\IntelliJ IDEA 2020.1\lib\idea_rt.jar
Launcher Type: SUN_STANDARD

Environment Variables:
JAVA_HOME=E:\jdk1.8
CLASSPATH=.;E:\jdk1.8\lib\dt.jar;E:\jdk1.8\lib\tools.jar;
PATH=E:\jdk1.8\bin;E:\jdk1.8\jre\bin;C:\Program Files (x86)\Common Files\Oracle\Java\javapath;C:\WINDOWS\system32;C:\WINDOWS;C:\WINDOWS\System32\Wbem;C:\WINDOWS\System32\WindowsPowerShell\v1.0\;C:\WINDOWS\System32\OpenSSH\;E:\Git\cmd;E:\nodeJs\;;C:\Program Files\NuGraf64;C:\Program Files\Common Files\Autodesk Shared\;C:\WINDOWS\system32\config\systemprofile\.dnx\bin;C:\Program Files\Microsoft DNX\Dnvm\;C:\Program Files\Microsoft SQL Server\130\Tools\Binn\;C:\Program Files (x86)\Autodesk\Backburner\;C:\Program Files (x86)\GtkSharp\2.12\bin;C:\Program Files\dotnet\;C:\Program Files\Microsoft SQL Server\Client SDK\ODBC\170\Tools\Binn\;C:\Users\Lenovo\AppData\Local\Microsoft\WindowsApps;C:\Users\Lenovo\AppData\Roaming\npm;C:\Users\Lenovo\.dotnet\tools;E:\Bandizip\
USERNAME=JhonKkk
OS=Windows_NT
PROCESSOR_IDENTIFIER=Intel64 Family 6 Model 158 Stepping 9, GenuineIntel



---------------  S Y S T E M  ---------------

OS: Windows 10.0 , 64 bit Build 18362 (10.0.18362.959)

CPU:total 8 (initial active 8) (4 cores per cpu, 2 threads per core) family 6 model 158 stepping 9, cmov, cx8, fxsr, mmx, sse, sse2, sse3, ssse3, sse4.1, sse4.2, popcnt, avx, avx2, aes, clmul, erms, 3dnowpref, lzcnt, ht, tsc, tscinvbit, bmi1, bmi2, adx

Memory: 4k page, physical 16666788k(1186768k free), swap 32029800k(0k free)

vm_info: Java HotSpot(TM) 64-Bit Server VM (25.181-b13) for windows-amd64 JRE (1.8.0_181-b13), built on Jul  7 2018 04:01:33 by "java_re" with MS VC++ 10.0 (VS2010)

time: Tue Sep 01 15:26:58 2020
elapsed time: 190 seconds (0d 0h 3m 10s)

