#
# A fatal error has been detected by the Java Runtime Environment:
#
#  EXCEPTION_ACCESS_VIOLATION (0xc0000005) at pc=0x00007ffedc2e5035, pid=9728, tid=0x0000000000000fcc
#
# JRE version: Java(TM) SE Runtime Environment (8.0_181-b13) (build 1.8.0_181-b13)
# Java VM: Java HotSpot(TM) 64-Bit Server VM (25.181-b13 mixed mode windows-amd64 compressed oops)
# Problematic frame:
# C  [SimpleQSlim_x64.dll+0x5035]  Edge::kill+0x75
#
# Failed to write core dump. Minidumps are not enabled by default on client versions of Windows
#
# If you would like to submit a bug report, please visit:
#   http://bugreport.java.com/bugreport/crash.jsp
# The crash happened outside the Java Virtual Machine in native code.
# See problematic frame for where to report the bug.
#

---------------  T H R E A D  ---------------

Current thread (0x0000000002f82800):  JavaThread "main" [_thread_in_native, id=4044, stack(0x0000000002980000,0x0000000002a80000)]

siginfo: ExceptionCode=0xc0000005, reading address 0x0000000000000008

Registers:
RAX=0x0000000073daae50, RBX=0x00007ffedc2ef960, RCX=0x0000000000000002, RDX=0x0000000000000000
RSP=0x0000000002a7f2f0, RBP=0x0000000073dab1b0, RSI=0x0000000073daab80, RDI=0x0000000073dab480
R8 =0x0000000000000000, R9 =0x000000003d249620, R10=0x0000000000008000, R11=0x0000000002a7f280
R12=0x00000000ad44b9c8, R13=0x0000000000c784c0, R14=0x0000000073dab480, R15=0x00007ffedc2ef960
RIP=0x00007ffedc2e5035, EFLAGS=0x0000000000010246

Top of Stack: (sp=0x0000000002a7f2f0)
0x0000000002a7f2f0:   0000000000000003 0000000073daae50
0x0000000002a7f300:   0000000000000018 000000003d249620
0x0000000002a7f310:   0000000073d5ba60 00007ffedc2e5afd
0x0000000002a7f320:   00007ffedc2ef960 0000000000000000
0x0000000002a7f330:   0000000073daab80 0000000000000000
0x0000000002a7f340:   00000000ad44ba68 00007ffedc2e7164
0x0000000002a7f350:   0000000000000008 000000003d249620
0x0000000002a7f360:   00000000f4749ab0 0000000000000001
0x0000000002a7f370:   fffffffffffffffe 0000000000000000
0x0000000002a7f380:   cafebabecafebabe 0000000000000000
0x0000000002a7f390:   0000000000000001 0000000000000000
0x0000000002a7f3a0:   000000076b380000 0000000000000000
0x0000000002a7f3b0:   0000000002f829f8 00000007739ba6d0
0x0000000002a7f3c0:   000000000051f864 2aaaaaaaaaaaaaab
0x0000000002a7f3d0:   00007ffedc2ef960 0000000000000000
0x0000000002a7f3e0:   0000000000000000 00007ffedc2e7567 

Instructions: (pc=0x00007ffedc2e5035)
0x00007ffedc2e5015:   48 63 d2 49 8b 04 c0 49 89 04 d0 41 83 79 30 00
0x00007ffedc2e5025:   7f 08 49 8b c9 e8 b1 fc ff ff 4c 8b 47 18 33 d2
0x00007ffedc2e5035:   4d 8b 48 08 49 63 49 30 85 c9 7e 22 49 8b 41 20
0x00007ffedc2e5045:   4c 8b d1 33 c9 66 0f 1f 44 00 00 4c 39 00 74 11 


Register to memory mapping:

RAX=0x0000000073daae50 is an unknown value
RBX=0x00007ffedc2ef960 is an unknown value
RCX=0x0000000000000002 is an unknown value
RDX=0x0000000000000000 is an unknown value
RSP=0x0000000002a7f2f0 is pointing into the stack for thread: 0x0000000002f82800
RBP=0x0000000073dab1b0 is an unknown value
RSI=0x0000000073daab80 is an unknown value
RDI=0x0000000073dab480 is an unknown value
R8 =0x0000000000000000 is an unknown value
R9 =0x000000003d249620 is an unknown value
R10=0x0000000000008000 is an unknown value
R11=0x0000000002a7f280 is pointing into the stack for thread: 0x0000000002f82800
R12=0x00000000ad44b9c8 is an unknown value
R13=0x0000000000c784c0 is an unknown value
R14=0x0000000073dab480 is an unknown value
R15=0x00007ffedc2ef960 is an unknown value


Stack: [0x0000000002980000,0x0000000002a80000],  sp=0x0000000002a7f2f0,  free space=1020k
Native frames: (J=compiled Java code, j=interpreted, Vv=VM code, C=native code)
C  [SimpleQSlim_x64.dll+0x5035]  Edge::kill+0x75
C  [SimpleQSlim_x64.dll+0x5afd]  Model::maybeFixFace+0x8d
C  [SimpleQSlim_x64.dll+0x7164]  do_contract+0x194
C  [SimpleQSlim_x64.dll+0x7567]  decimate_contract+0xd7
C  [SimpleQSlim_x64.dll+0x1b27]  Java_jni_Cqslim_qslimRun___3F_3IF+0x4b7
C  0x0000000003098c67

Java frames: (J=compiled Java code, j=interpreted, Vv=VM code)
j  jni.Cqslim.qslimRun([F[IF)Ljni/CqsMesh;+0
j  com.cloudmtr.Test.testWrite()V+182
j  com.cloudmtr.Test.main([Ljava/lang/String;)V+35
v  ~StubRoutines::call_stub

---------------  P R O C E S S  ---------------

Java Threads: ( => current thread )
  0x000000001eb3c800 JavaThread "Service Thread" daemon [_thread_blocked, id=6648, stack(0x000000001f620000,0x000000001f720000)]
  0x000000001eab2000 JavaThread "C1 CompilerThread3" daemon [_thread_blocked, id=15556, stack(0x000000001f520000,0x000000001f620000)]
  0x000000001eaa5000 JavaThread "C2 CompilerThread2" daemon [_thread_blocked, id=14320, stack(0x000000001f420000,0x000000001f520000)]
  0x000000001eaa2000 JavaThread "C2 CompilerThread1" daemon [_thread_blocked, id=3536, stack(0x000000001f320000,0x000000001f420000)]
  0x000000001ea91000 JavaThread "C2 CompilerThread0" daemon [_thread_blocked, id=14760, stack(0x000000001f220000,0x000000001f320000)]
  0x000000001ea8f800 JavaThread "Monitor Ctrl-Break" daemon [_thread_in_native, id=13140, stack(0x000000001f120000,0x000000001f220000)]
  0x000000001ea4c800 JavaThread "Attach Listener" daemon [_thread_blocked, id=12668, stack(0x000000001f020000,0x000000001f120000)]
  0x000000001e9f9800 JavaThread "Signal Dispatcher" daemon [_thread_blocked, id=14712, stack(0x000000001ef20000,0x000000001f020000)]
  0x000000001e9e0800 JavaThread "Finalizer" daemon [_thread_blocked, id=15932, stack(0x000000001edc0000,0x000000001eec0000)]
  0x000000001caad800 JavaThread "Reference Handler" daemon [_thread_blocked, id=5468, stack(0x000000001e8c0000,0x000000001e9c0000)]
=>0x0000000002f82800 JavaThread "main" [_thread_in_native, id=4044, stack(0x0000000002980000,0x0000000002a80000)]

Other Threads:
  0x000000001caa9000 VMThread [stack: 0x000000001e7c0000,0x000000001e8c0000] [id=8296]
  0x000000001eb06000 WatcherThread [stack: 0x000000001f720000,0x000000001f820000] [id=336]

VM state:not at safepoint (normal execution)

VM Mutex/Monitor currently owned by a thread: None

Heap:
 PSYoungGen      total 536064K, used 378400K [0x000000076b380000, 0x00000007af780000, 0x00000007c0000000)
  eden space 301056K, 47% used [0x000000076b380000,0x0000000773f8ad70,0x000000077d980000)
  from space 235008K, 99% used [0x0000000792e80000,0x00000007a13fd658,0x00000007a1400000)
  to   space 349184K, 0% used [0x000000077d980000,0x000000077d980000,0x0000000792e80000)
 ParOldGen       total 1991680K, used 1747534K [0x00000006c1a00000, 0x000000073b300000, 0x000000076b380000)
  object space 1991680K, 87% used [0x00000006c1a00000,0x000000072c493990,0x000000073b300000)
 Metaspace       used 4085K, capacity 4636K, committed 4864K, reserved 1056768K
  class space    used 439K, capacity 460K, committed 512K, reserved 1048576K

Card table byte_map: [0x0000000012440000,0x0000000012c40000] byte_map_base: 0x000000000ee33000

Marking Bits: (ParMarkBitMap*) 0x0000000050f42d00
 Begin Bits: [0x0000000013990000, 0x0000000017928000)
 End Bits:   [0x0000000017928000, 0x000000001b8c0000)

Polling page: 0x0000000001130000

CodeCache: size=245760Kb used=2163Kb max_used=2163Kb free=243596Kb
 bounds [0x0000000003080000, 0x00000000032f0000, 0x0000000012080000]
 total_blobs=551 nmethods=282 adapters=182
 compilation: enabled

Compilation events (10 events):
Event: 14.521 Thread 0x000000001eab2000  278       1       java.net.URL::getQuery (5 bytes)
Event: 14.521 Thread 0x000000001eab2000 nmethod 278 0x0000000003291510 code [0x0000000003291660, 0x0000000003291770]
Event: 14.530 Thread 0x000000001eab2000  280       3       sun.nio.cs.UTF_8$Encoder::encode (359 bytes)
Event: 14.530 Thread 0x000000001eab2000 nmethod 280 0x0000000003293dd0 code [0x0000000003293fc0, 0x0000000003294b28]
Event: 14.530 Thread 0x000000001eab2000  279       3       sun.misc.MetaIndex::mayContain (51 bytes)
Event: 14.531 Thread 0x000000001eab2000 nmethod 279 0x000000000329a250 code [0x000000000329a400, 0x000000000329aa98]
Event: 14.531 Thread 0x000000001eab2000  281       1       java.net.URL::getHost (5 bytes)
Event: 14.531 Thread 0x000000001eab2000 nmethod 281 0x0000000003284510 code [0x0000000003284660, 0x0000000003284770]
Event: 14.534 Thread 0x000000001eab2000  282       3       java.lang.ref.Reference::<init> (25 bytes)
Event: 14.534 Thread 0x000000001eab2000 nmethod 282 0x0000000003293950 code [0x0000000003293ac0, 0x0000000003293d10]

GC Heap History (10 events):
Event: 13.238 GC heap before
{Heap before GC invocations=26 (full 4):
 PSYoungGen      total 557568K, used 440810K [0x000000076b380000, 0x000000079dc80000, 0x00000007c0000000)
  eden space 308736K, 100% used [0x000000076b380000,0x000000077e100000,0x000000077e100000)
  from space 248832K, 53% used [0x000000077e100000,0x00000007861fa8c0,0x000000078d400000)
  to   space 239104K, 0% used [0x000000078f300000,0x000000078f300000,0x000000079dc80000)
 ParOldGen       total 1991680K, used 1502974K [0x00000006c1a00000, 0x000000073b300000, 0x000000076b380000)
  object space 1991680K, 75% used [0x00000006c1a00000,0x000000071d5bf998,0x000000073b300000)
 Metaspace       used 4046K, capacity 4636K, committed 4864K, reserved 1056768K
  class space    used 435K, capacity 460K, committed 512K, reserved 1048576K
Event: 13.309 GC heap after
Heap after GC invocations=26 (full 4):
 PSYoungGen      total 569856K, used 132074K [0x000000076b380000, 0x000000079ca80000, 0x00000007c0000000)
  eden space 349184K, 0% used [0x000000076b380000,0x000000076b380000,0x0000000780880000)
  from space 220672K, 59% used [0x000000078f300000,0x00000007973fa8c0,0x000000079ca80000)
  to   space 230400K, 0% used [0x0000000780880000,0x0000000780880000,0x000000078e980000)
 ParOldGen       total 1991680K, used 1502974K [0x00000006c1a00000, 0x000000073b300000, 0x000000076b380000)
  object space 1991680K, 75% used [0x00000006c1a00000,0x000000071d5bf998,0x000000073b300000)
 Metaspace       used 4046K, capacity 4636K, committed 4864K, reserved 1056768K
  class space    used 435K, capacity 460K, committed 512K, reserved 1048576K
}
Event: 13.557 GC heap before
{Heap before GC invocations=27 (full 4):
 PSYoungGen      total 569856K, used 481258K [0x000000076b380000, 0x000000079ca80000, 0x00000007c0000000)
  eden space 349184K, 100% used [0x000000076b380000,0x0000000780880000,0x0000000780880000)
  from space 220672K, 59% used [0x000000078f300000,0x00000007973fa8c0,0x000000079ca80000)
  to   space 230400K, 0% used [0x0000000780880000,0x0000000780880000,0x000000078e980000)
 ParOldGen       total 1991680K, used 1502974K [0x00000006c1a00000, 0x000000073b300000, 0x000000076b380000)
  object space 1991680K, 75% used [0x00000006c1a00000,0x000000071d5bf998,0x000000073b300000)
 Metaspace       used 4046K, capacity 4636K, committed 4864K, reserved 1056768K
  class space    used 435K, capacity 460K, committed 512K, reserved 1048576K
Event: 13.628 GC heap after
Heap after GC invocations=27 (full 4):
 PSYoungGen      total 579584K, used 132042K [0x000000076b380000, 0x000000079e600000, 0x00000007c0000000)
  eden space 349184K, 0% used [0x000000076b380000,0x000000076b380000,0x0000000780880000)
  from space 230400K, 57% used [0x0000000780880000,0x00000007889728c0,0x000000078e980000)
  to   space 222720K, 0% used [0x0000000790c80000,0x0000000790c80000,0x000000079e600000)
 ParOldGen       total 1991680K, used 1502974K [0x00000006c1a00000, 0x000000073b300000, 0x000000076b380000)
  object space 1991680K, 75% used [0x00000006c1a00000,0x000000071d5bf998,0x000000073b300000)
 Metaspace       used 4046K, capacity 4636K, committed 4864K, reserved 1056768K
  class space    used 435K, capacity 460K, committed 512K, reserved 1048576K
}
Event: 13.877 GC heap before
{Heap before GC invocations=28 (full 4):
 PSYoungGen      total 579584K, used 463623K [0x000000076b380000, 0x000000079e600000, 0x00000007c0000000)
  eden space 349184K, 94% used [0x000000076b380000,0x000000077f74f400,0x0000000780880000)
  from space 230400K, 57% used [0x0000000780880000,0x00000007889728c0,0x000000078e980000)
  to   space 222720K, 0% used [0x0000000790c80000,0x0000000790c80000,0x000000079e600000)
 ParOldGen       total 1991680K, used 1502974K [0x00000006c1a00000, 0x000000073b300000, 0x000000076b380000)
  object space 1991680K, 75% used [0x00000006c1a00000,0x000000071d5bf998,0x000000073b300000)
 Metaspace       used 4048K, capacity 4636K, committed 4864K, reserved 1056768K
  class space    used 435K, capacity 460K, committed 512K, reserved 1048576K
Event: 13.940 GC heap after
Heap after GC invocations=28 (full 4):
 PSYoungGen      total 598528K, used 207061K [0x000000076b380000, 0x00000007a0500000, 0x00000007c0000000)
  eden space 375808K, 0% used [0x000000076b380000,0x000000076b380000,0x0000000782280000)
  from space 222720K, 92% used [0x0000000790c80000,0x000000079d6b5480,0x000000079e600000)
  to   space 239616K, 0% used [0x0000000782280000,0x0000000782280000,0x0000000790c80000)
 ParOldGen       total 1991680K, used 1502974K [0x00000006c1a00000, 0x000000073b300000, 0x000000076b380000)
  object space 1991680K, 75% used [0x00000006c1a00000,0x000000071d5bf998,0x000000073b300000)
 Metaspace       used 4048K, capacity 4636K, committed 4864K, reserved 1056768K
  class space    used 435K, capacity 460K, committed 512K, reserved 1048576K
}
Event: 14.002 GC heap before
{Heap before GC invocations=29 (full 4):
 PSYoungGen      total 598528K, used 508649K [0x000000076b380000, 0x00000007a0500000, 0x00000007c0000000)
  eden space 375808K, 80% used [0x000000076b380000,0x000000077da052c8,0x0000000782280000)
  from space 222720K, 92% used [0x0000000790c80000,0x000000079d6b5480,0x000000079e600000)
  to   space 239616K, 0% used [0x0000000782280000,0x0000000782280000,0x0000000790c80000)
 ParOldGen       total 1991680K, used 1502974K [0x00000006c1a00000, 0x000000073b300000, 0x000000076b380000)
  object space 1991680K, 75% used [0x00000006c1a00000,0x000000071d5bf998,0x000000073b300000)
 Metaspace       used 4048K, capacity 4636K, committed 4864K, reserved 1056768K
  class space    used 435K, capacity 460K, committed 512K, reserved 1048576K
Event: 14.067 GC heap after
Heap after GC invocations=29 (full 4):
 PSYoungGen      total 615424K, used 157469K [0x000000076b380000, 0x00000007a1400000, 0x00000007c0000000)
  eden space 375808K, 0% used [0x000000076b380000,0x000000076b380000,0x0000000782280000)
  from space 239616K, 65% used [0x0000000782280000,0x000000078bc47458,0x0000000790c80000)
  to   space 235008K, 0% used [0x0000000792e80000,0x0000000792e80000,0x00000007a1400000)
 ParOldGen       total 1991680K, used 1502974K [0x00000006c1a00000, 0x000000073b300000, 0x000000076b380000)
  object space 1991680K, 75% used [0x00000006c1a00000,0x000000071d5bf998,0x000000073b300000)
 Metaspace       used 4048K, capacity 4636K, committed 4864K, reserved 1056768K
  class space    used 435K, capacity 460K, committed 512K, reserved 1048576K
}
Event: 14.176 GC heap before
{Heap before GC invocations=30 (full 4):
 PSYoungGen      total 615424K, used 512954K [0x000000076b380000, 0x00000007a1400000, 0x00000007c0000000)
  eden space 375808K, 94% used [0x000000076b380000,0x0000000780ea76d0,0x0000000782280000)
  from space 239616K, 65% used [0x0000000782280000,0x000000078bc47458,0x0000000790c80000)
  to   space 235008K, 0% used [0x0000000792e80000,0x0000000792e80000,0x00000007a1400000)
 ParOldGen       total 1991680K, used 1502974K [0x00000006c1a00000, 0x000000073b300000, 0x000000076b380000)
  object space 1991680K, 75% used [0x00000006c1a00000,0x000000071d5bf998,0x000000073b300000)
 Metaspace       used 4048K, capacity 4636K, committed 4864K, reserved 1056768K
  class space    used 435K, capacity 460K, committed 512K, reserved 1048576K
Event: 14.332 GC heap after
Heap after GC invocations=30 (full 4):
 PSYoungGen      total 536064K, used 234997K [0x000000076b380000, 0x00000007af780000, 0x00000007c0000000)
  eden space 301056K, 0% used [0x000000076b380000,0x000000076b380000,0x000000077d980000)
  from space 235008K, 99% used [0x0000000792e80000,0x00000007a13fd658,0x00000007a1400000)
  to   space 349184K, 0% used [0x000000077d980000,0x000000077d980000,0x0000000792e80000)
 ParOldGen       total 1991680K, used 1747534K [0x00000006c1a00000, 0x000000073b300000, 0x000000076b380000)
  object space 1991680K, 87% used [0x00000006c1a00000,0x000000072c493990,0x000000073b300000)
 Metaspace       used 4048K, capacity 4636K, committed 4864K, reserved 1056768K
  class space    used 435K, capacity 460K, committed 512K, reserved 1048576K
}

Deoptimization events (10 events):
Event: 12.115 Thread 0x0000000002f82800 Uncommon trap: reason=class_check action=maybe_recompile pc=0x000000000321a2f8 method=sun.misc.FloatingDecimal.parseFloat(Ljava/lang/String;)F @ 4
Event: 12.115 Thread 0x0000000002f82800 Uncommon trap: reason=class_check action=maybe_recompile pc=0x000000000321a2f8 method=sun.misc.FloatingDecimal.parseFloat(Ljava/lang/String;)F @ 4
Event: 12.116 Thread 0x0000000002f82800 Uncommon trap: reason=unstable_if action=reinterpret pc=0x000000000321d7b8 method=sun.misc.FDBigInteger.rightInplaceSub(Lsun/misc/FDBigInteger;)Lsun/misc/FDBigInteger; @ 215
Event: 12.130 Thread 0x0000000002f82800 Uncommon trap: reason=class_check action=maybe_recompile pc=0x0000000003225b3c method=sun.misc.FloatingDecimal.parseFloat(Ljava/lang/String;)F @ 4
Event: 13.766 Thread 0x0000000002f82800 Uncommon trap: reason=unstable_if action=reinterpret pc=0x0000000003263390 method=com.cloudmtr.Test.getPositions(Ljava/lang/String;)[F @ 98
Event: 14.078 Thread 0x0000000002f82800 Uncommon trap: reason=unstable_if action=reinterpret pc=0x00000000031f0450 method=java.lang.String.substring(II)Ljava/lang/String; @ 49
Event: 14.389 Thread 0x0000000002f82800 Uncommon trap: reason=unstable_if action=reinterpret pc=0x00000000032010a0 method=java.util.AbstractCollection.toArray([Ljava/lang/Object;)[Ljava/lang/Object; @ 46
Event: 14.518 Thread 0x0000000002f82800 Uncommon trap: reason=unstable_if action=reinterpret pc=0x00000000032922e8 method=com.cloudmtr.Test.getIndices(Ljava/lang/String;)[I @ 98
Event: 14.520 Thread 0x0000000002f82800 Uncommon trap: reason=unstable_if action=reinterpret pc=0x00000000031ee148 method=java.util.ArrayList.calculateCapacity([Ljava/lang/Object;I)I @ 4
Event: 14.520 Thread 0x0000000002f82800 Uncommon trap: reason=unstable_if action=reinterpret pc=0x0000000003282e30 method=java.lang.Integer.valueOf(I)Ljava/lang/Integer; @ 10

Classes redefined (0 events):
No events

Internal exceptions (6 events):
Event: 0.068 Thread 0x0000000002f82800 Exception <a 'java/lang/NoSuchMethodError': Method sun.misc.Unsafe.defineClass(Ljava/lang/String;[BII)Ljava/lang/Class; name or signature does not match> (0x000000076b387cb0) thrown at [C:\re\workspace\8-2-build-windows-amd64-cygwin\jdk8u181\11358\hotspot
Event: 0.068 Thread 0x0000000002f82800 Exception <a 'java/lang/NoSuchMethodError': Method sun.misc.Unsafe.prefetchRead(Ljava/lang/Object;J)V name or signature does not match> (0x000000076b387f98) thrown at [C:\re\workspace\8-2-build-windows-amd64-cygwin\jdk8u181\11358\hotspot\src\share\vm\prim
Event: 0.198 Thread 0x0000000002f82800 Exception <a 'java/security/PrivilegedActionException'> (0x000000076b50f2a8) thrown at [C:\re\workspace\8-2-build-windows-amd64-cygwin\jdk8u181\11358\hotspot\src\share\vm\prims\jvm.cpp, line 1435]
Event: 0.198 Thread 0x0000000002f82800 Exception <a 'java/security/PrivilegedActionException'> (0x000000076b50f4b8) thrown at [C:\re\workspace\8-2-build-windows-amd64-cygwin\jdk8u181\11358\hotspot\src\share\vm\prims\jvm.cpp, line 1435]
Event: 0.198 Thread 0x0000000002f82800 Exception <a 'java/security/PrivilegedActionException'> (0x000000076b5114f0) thrown at [C:\re\workspace\8-2-build-windows-amd64-cygwin\jdk8u181\11358\hotspot\src\share\vm\prims\jvm.cpp, line 1435]
Event: 0.198 Thread 0x0000000002f82800 Exception <a 'java/security/PrivilegedActionException'> (0x000000076b511700) thrown at [C:\re\workspace\8-2-build-windows-amd64-cygwin\jdk8u181\11358\hotspot\src\share\vm\prims\jvm.cpp, line 1435]

Events (10 events):
Event: 14.520 Thread 0x0000000002f82800 DEOPT PACKING pc=0x0000000003282e30 sp=0x0000000002a7eab0
Event: 14.520 Thread 0x0000000002f82800 DEOPT UNPACKING pc=0x00000000030c583b sp=0x0000000002a7ea18 mode 2
Event: 14.530 loading class sun/net/ProgressMonitor
Event: 14.532 loading class sun/net/ProgressMonitor done
Event: 14.532 loading class sun/net/DefaultProgressMeteringPolicy
Event: 14.532 loading class sun/net/ProgressMeteringPolicy
Event: 14.532 loading class sun/net/ProgressMeteringPolicy done
Event: 14.532 loading class sun/net/DefaultProgressMeteringPolicy done
Event: 14.532 loading class java/net/JarURLConnection
Event: 14.532 loading class java/net/JarURLConnection done


Dynamic libraries:
0x00007ff664970000 - 0x00007ff6649a7000 	E:\jdk1.8\bin\java.exe
0x00007ffee9a80000 - 0x00007ffee9c70000 	C:\WINDOWS\SYSTEM32\ntdll.dll
0x00007ffee8140000 - 0x00007ffee81f2000 	C:\WINDOWS\System32\KERNEL32.DLL
0x00007ffee7390000 - 0x00007ffee7634000 	C:\WINDOWS\System32\KERNELBASE.dll
0x00007ffee7b90000 - 0x00007ffee7c33000 	C:\WINDOWS\System32\ADVAPI32.dll
0x00007ffee9370000 - 0x00007ffee940e000 	C:\WINDOWS\System32\msvcrt.dll
0x00007ffee8910000 - 0x00007ffee89a7000 	C:\WINDOWS\System32\sechost.dll
0x00007ffee9920000 - 0x00007ffee9a40000 	C:\WINDOWS\System32\RPCRT4.dll
0x00007ffee7c40000 - 0x00007ffee7dd5000 	C:\WINDOWS\System32\USER32.dll
0x00007ffee7360000 - 0x00007ffee7381000 	C:\WINDOWS\System32\win32u.dll
0x00007ffee98e0000 - 0x00007ffee9906000 	C:\WINDOWS\System32\GDI32.dll
0x00007ffee78e0000 - 0x00007ffee7a76000 	C:\WINDOWS\System32\gdi32full.dll
0x00007ffee6a00000 - 0x00007ffee6a9e000 	C:\WINDOWS\System32\msvcp_win.dll
0x00007ffee77e0000 - 0x00007ffee78da000 	C:\WINDOWS\System32\ucrtbase.dll
0x00007ffed8070000 - 0x00007ffed82f4000 	C:\WINDOWS\WinSxS\amd64_microsoft.windows.common-controls_6595b64144ccf1df_6.0.18362.1016_none_9e7a36bbe461dae4\COMCTL32.dll
0x00007ffee9570000 - 0x00007ffee98a5000 	C:\WINDOWS\System32\combase.dll
0x00007ffee6aa0000 - 0x00007ffee6b20000 	C:\WINDOWS\System32\bcryptPrimitives.dll
0x00007ffee98b0000 - 0x00007ffee98de000 	C:\WINDOWS\System32\IMM32.DLL
0x0000000050fd0000 - 0x00000000510a2000 	E:\jdk1.8\jre\bin\msvcr100.dll
0x0000000050720000 - 0x0000000050fc2000 	E:\jdk1.8\jre\bin\server\jvm.dll
0x00007ffee9910000 - 0x00007ffee9918000 	C:\WINDOWS\System32\PSAPI.DLL
0x00007ffee0a30000 - 0x00007ffee0a54000 	C:\WINDOWS\SYSTEM32\WINMM.dll
0x00007ffedd0e0000 - 0x00007ffedd0e9000 	C:\WINDOWS\SYSTEM32\WSOCK32.dll
0x00007ffedf1a0000 - 0x00007ffedf1aa000 	C:\WINDOWS\SYSTEM32\VERSION.dll
0x00007ffee9170000 - 0x00007ffee91df000 	C:\WINDOWS\System32\WS2_32.dll
0x00007ffee0a00000 - 0x00007ffee0a2d000 	C:\WINDOWS\SYSTEM32\WINMMBASE.dll
0x00007ffee7310000 - 0x00007ffee735a000 	C:\WINDOWS\System32\cfgmgr32.dll
0x0000000050710000 - 0x000000005071f000 	E:\jdk1.8\jre\bin\verify.dll
0x00000000506e0000 - 0x0000000050709000 	E:\jdk1.8\jre\bin\java.dll
0x0000000050690000 - 0x00000000506b3000 	E:\jdk1.8\jre\bin\instrument.dll
0x00000000506c0000 - 0x00000000506d6000 	E:\jdk1.8\jre\bin\zip.dll
0x00007ffee8a60000 - 0x00007ffee9147000 	C:\WINDOWS\System32\SHELL32.dll
0x00007ffee91e0000 - 0x00007ffee9289000 	C:\WINDOWS\System32\shcore.dll
0x00007ffee6b80000 - 0x00007ffee7302000 	C:\WINDOWS\System32\windows.storage.dll
0x00007ffee6940000 - 0x00007ffee6963000 	C:\WINDOWS\System32\profapi.dll
0x00007ffee69b0000 - 0x00007ffee69fa000 	C:\WINDOWS\System32\powrprof.dll
0x00007ffee6930000 - 0x00007ffee6940000 	C:\WINDOWS\System32\UMPDC.dll
0x00007ffee7b30000 - 0x00007ffee7b82000 	C:\WINDOWS\System32\shlwapi.dll
0x00007ffee6990000 - 0x00007ffee69a1000 	C:\WINDOWS\System32\kernel.appcore.dll
0x00007ffee77c0000 - 0x00007ffee77d7000 	C:\WINDOWS\System32\cryptsp.dll
0x00007ffee1740000 - 0x00007ffee175a000 	E:\IntelliJ IDEA 2020.1\bin\breakgen64.dll
0x0000000050670000 - 0x000000005068a000 	E:\jdk1.8\jre\bin\net.dll
0x00007ffee6190000 - 0x00007ffee61f7000 	C:\WINDOWS\system32\mswsock.dll
0x00007ffedc2e0000 - 0x00007ffedc2f5000 	C:\Users\Lenovo\AppData\Local\Temp\SimpleQSlim_x64.dll
0x00007ffebb210000 - 0x00007ffebb2a1000 	C:\WINDOWS\SYSTEM32\MSVCP140.dll
0x00007ffec2560000 - 0x00007ffec2579000 	C:\WINDOWS\SYSTEM32\VCRUNTIME140.dll
0x00007ffebfd30000 - 0x00007ffebfd3c000 	C:\WINDOWS\SYSTEM32\VCRUNTIME140_1.dll
0x00007ffed2c90000 - 0x00007ffed2e84000 	C:\WINDOWS\SYSTEM32\dbghelp.dll

VM Arguments:
jvm_args: -javaagent:E:\IntelliJ IDEA 2020.1\lib\idea_rt.jar=61420:E:\IntelliJ IDEA 2020.1\bin -Dfile.encoding=UTF-8 
java_command: com.cloudmtr.Test
java_class_path (initial): E:\jdk1.8\jre\lib\charsets.jar;E:\jdk1.8\jre\lib\deploy.jar;E:\jdk1.8\jre\lib\ext\access-bridge-64.jar;E:\jdk1.8\jre\lib\ext\cldrdata.jar;E:\jdk1.8\jre\lib\ext\dnsns.jar;E:\jdk1.8\jre\lib\ext\jaccess.jar;E:\jdk1.8\jre\lib\ext\jfxrt.jar;E:\jdk1.8\jre\lib\ext\localedata.jar;E:\jdk1.8\jre\lib\ext\nashorn.jar;E:\jdk1.8\jre\lib\ext\sunec.jar;E:\jdk1.8\jre\lib\ext\sunjce_provider.jar;E:\jdk1.8\jre\lib\ext\sunmscapi.jar;E:\jdk1.8\jre\lib\ext\sunpkcs11.jar;E:\jdk1.8\jre\lib\ext\zipfs.jar;E:\jdk1.8\jre\lib\javaws.jar;E:\jdk1.8\jre\lib\jce.jar;E:\jdk1.8\jre\lib\jfr.jar;E:\jdk1.8\jre\lib\jfxswt.jar;E:\jdk1.8\jre\lib\jsse.jar;E:\jdk1.8\jre\lib\management-agent.jar;E:\jdk1.8\jre\lib\plugin.jar;E:\jdk1.8\jre\lib\resources.jar;E:\jdk1.8\jre\lib\rt.jar;D:\JhonKkk\Other\sources\simplify\Simplify\out\test\Simplify;D:\JhonKkk\Other\sources\simplify\Simplify\out\production\main;E:\IntelliJ IDEA 2020.1\lib\idea_rt.jar
Launcher Type: SUN_STANDARD

Environment Variables:
JAVA_HOME=E:\jdk1.8
CLASSPATH=.;E:\jdk1.8\lib\dt.jar;E:\jdk1.8\lib\tools.jar;
PATH=E:\jdk1.8\bin;E:\jdk1.8\jre\bin;C:\Program Files (x86)\Common Files\Oracle\Java\javapath;C:\WINDOWS\system32;C:\WINDOWS;C:\WINDOWS\System32\Wbem;C:\WINDOWS\System32\WindowsPowerShell\v1.0\;C:\WINDOWS\System32\OpenSSH\;E:\Git\cmd;E:\nodeJs\;;C:\Program Files\NuGraf64;C:\Program Files\Common Files\Autodesk Shared\;C:\WINDOWS\system32\config\systemprofile\.dnx\bin;C:\Program Files\Microsoft DNX\Dnvm\;C:\Program Files\Microsoft SQL Server\130\Tools\Binn\;C:\Program Files (x86)\Autodesk\Backburner\;C:\Program Files (x86)\GtkSharp\2.12\bin;C:\Program Files\dotnet\;C:\Program Files\Microsoft SQL Server\Client SDK\ODBC\170\Tools\Binn\;C:\Users\Lenovo\AppData\Local\Microsoft\WindowsApps;C:\Users\Lenovo\AppData\Roaming\npm;C:\Users\Lenovo\.dotnet\tools;E:\Bandizip\
USERNAME=JhonKkk
OS=Windows_NT
PROCESSOR_IDENTIFIER=Intel64 Family 6 Model 158 Stepping 9, GenuineIntel



---------------  S Y S T E M  ---------------

OS: Windows 10.0 , 64 bit Build 18362 (10.0.18362.959)

CPU:total 8 (initial active 8) (4 cores per cpu, 2 threads per core) family 6 model 158 stepping 9, cmov, cx8, fxsr, mmx, sse, sse2, sse3, ssse3, sse4.1, sse4.2, popcnt, avx, avx2, aes, clmul, erms, 3dnowpref, lzcnt, ht, tsc, tscinvbit, bmi1, bmi2, adx

Memory: 4k page, physical 16666788k(4987304k free), swap 19288228k(3178360k free)

vm_info: Java HotSpot(TM) 64-Bit Server VM (25.181-b13) for windows-amd64 JRE (1.8.0_181-b13), built on Jul  7 2018 04:01:33 by "java_re" with MS VC++ 10.0 (VS2010)

time: Wed Sep 02 11:03:27 2020
elapsed time: 21 seconds (0d 0h 0m 21s)

