#
# A fatal error has been detected by the Java Runtime Environment:
#
#  EXCEPTION_UNCAUGHT_CXX_EXCEPTION (0xe06d7363) at pc=0x00007ff93a28a719, pid=808, tid=0x0000000000002c20
#
# JRE version: Java(TM) SE Runtime Environment (8.0_181-b13) (build 1.8.0_181-b13)
# Java VM: Java HotSpot(TM) 64-Bit Server VM (25.181-b13 mixed mode windows-amd64 compressed oops)
# Problematic frame:
# C  [KERNELBASE.dll+0x3a719]
#
# Failed to write core dump. Minidumps are not enabled by default on client versions of Windows
#
# If you would like to submit a bug report, please visit:
#   http://bugreport.java.com/bugreport/crash.jsp
#

---------------  T H R E A D  ---------------

JavaThread "main" []
Registers:
RAX=0x343238303937342c, RBX=0x00007ff92927d3d8, RCX=0x363238303937342c, RDX=0x373238303937342c
RSP=0x000000000267edb0, RBP=0x000000000267f0c0, RSI=0x000000000267ef10, RDI=0x0000000019930520
R8 =0x383238303937342c, R9 =0x313338303937342c, R10=0x303338303937342c, R11=0x343338303937342c
R12=0x0000000000000000, R13=0x00007ff92927f960, R14=0x0000000435154d68, R15=0x0000000435154e08
RIP=0x00007ff93a28a719, EFLAGS=0x0000000000000202

Top of Stack: (sp=0x000000000267edb0)
0x000000000267edb0:   00007ff939e9b780 00007ff92927d3d8
0x000000000267edc0:   000000000267ef10 0000000000000038
0x000000000267edd0:   00000001e06d7363 0000000000000000
0x000000000267ede0:   00007ff93a28a719 0000000000000004
0x000000000267edf0:   0000000019930520 000000000267ef10
0x000000000267ee00:   00007ff92927d3d8 00007ff929270000
0x000000000267ee10:   00007ff92927f960 0000000000000000
0x000000000267ee20:   000000000267ef10 000000000267f0c0
0x000000000267ee30:   000000000267eeb0 00007ff93cd9f41f
0x000000000267ee40:   0000000019930520 4081977300000000
0x000000000267ee50:   0000000000000000 00007ff93cdd3550
0x000000000267ee60:   00007ff929280000 00007ff929270000
0x000000000267ee70:   00003df0c3bd3270 00007ff93a271dbb
0x000000000267ee80:   00007ff92927d3d8 00007ff90efa6210
0x000000000267ee90:   000049c2a38de5ac fffffffffffffffe
0x000000000267eea0:   0000000000000008 00007ff939dc9f46 

Instructions: (pc=0x00007ff93a28a719)
0x00007ff93a28a6f9:   8b d1 44 0f 47 c0 44 89 44 24 38 49 c1 e0 03 e8
0x00007ff93a28a709:   7a 4e 05 00 48 8d 4c 24 20 48 ff 15 9f c8 16 00
0x00007ff93a28a719:   0f 1f 44 00 00 48 8b 8c 24 c0 00 00 00 48 33 cc
0x00007ff93a28a729:   e8 72 ef 04 00 48 81 c4 d8 00 00 00 c3 83 64 24 


Register to memory mapping:

RAX=0x343238303937342c is an unknown value
RBX=0x00007ff92927d3d8 is an unknown value
RCX=0x363238303937342c is an unknown value
RDX=0x373238303937342c is an unknown value
RSP=0x000000000267edb0 is pointing into the stack for thread: 0x0000000002882800
RBP=0x000000000267f0c0 is pointing into the stack for thread: 0x0000000002882800
RSI=0x000000000267ef10 is pointing into the stack for thread: 0x0000000002882800
RDI=0x0000000019930520 is an unknown value
R8 =0x383238303937342c is an unknown value
R9 =0x313338303937342c is an unknown value
R10=0x303338303937342c is an unknown value
R11=0x343338303937342c is an unknown value
R12=0x0000000000000000 is an unknown value
R13=0x00007ff92927f960 is an unknown value
R14=0x0000000435154d68 is an unknown value
R15=0x0000000435154e08 is an unknown value


Stack: [0x0000000002580000,0x0000000002680000],  sp=0x000000000267edb0,  free space=1019k
Native frames: (J=compiled Java code, j=interpreted, Vv=VM code, C=native code)
C  [KERNELBASE.dll+0x3a719]

Java frames: (J=compiled Java code, j=interpreted, Vv=VM code)
j  jni.Cqslim.qslimRun([F[IF)Ljni/CqsMesh;+0
j  com.cloudmtr.Test.testWrite()V+182
j  com.cloudmtr.Test.main([Ljava/lang/String;)V+35
v  ~StubRoutines::call_stub

---------------  P R O C E S S  ---------------

Java Threads: ( => current thread )
  0x000000001e402000 JavaThread "Service Thread" daemon [_thread_blocked, id=9740, stack(0x000000001ee80000,0x000000001ef80000)]
  0x000000001e372000 JavaThread "C1 CompilerThread3" daemon [_thread_blocked, id=7232, stack(0x000000001ed80000,0x000000001ee80000)]
  0x000000001e365000 JavaThread "C2 CompilerThread2" daemon [_thread_blocked, id=13472, stack(0x000000001ec80000,0x000000001ed80000)]
  0x000000001e362000 JavaThread "C2 CompilerThread1" daemon [_thread_blocked, id=11864, stack(0x000000001eb80000,0x000000001ec80000)]
  0x000000001e351000 JavaThread "C2 CompilerThread0" daemon [_thread_blocked, id=1432, stack(0x000000001ea80000,0x000000001eb80000)]
  0x000000001e34f800 JavaThread "Monitor Ctrl-Break" daemon [_thread_in_native, id=3016, stack(0x000000001e980000,0x000000001ea80000)]
  0x000000001e30c800 JavaThread "Attach Listener" daemon [_thread_blocked, id=1080, stack(0x000000001e880000,0x000000001e980000)]
  0x000000001e2b9800 JavaThread "Signal Dispatcher" daemon [_thread_blocked, id=6400, stack(0x000000001e780000,0x000000001e880000)]
  0x000000001e2a0800 JavaThread "Finalizer" daemon [_thread_blocked, id=13480, stack(0x000000001e680000,0x000000001e780000)]
  0x000000001c3ad800 JavaThread "Reference Handler" daemon [_thread_blocked, id=7584, stack(0x000000001e180000,0x000000001e280000)]
=>0x0000000002882800 JavaThread "main" [_thread_in_native, id=11296, stack(0x0000000002580000,0x0000000002680000)]

Other Threads:
  0x000000001c3a9000 VMThread [stack: 0x000000001e080000,0x000000001e180000] [id=5468]
  0x000000001e40c000 WatcherThread [stack: 0x000000001ef80000,0x000000001f080000] [id=856]

VM state:not at safepoint (normal execution)

VM Mutex/Monitor currently owned by a thread: None

Heap:
 PSYoungGen      total 908800K, used 544464K [0x000000076b380000, 0x00000007c0000000, 0x00000007c0000000)
  eden space 463360K, 47% used [0x000000076b380000,0x0000000778c9c080,0x0000000787800000)
  from space 445440K, 72% used [0x0000000787800000,0x000000079b2981f8,0x00000007a2b00000)
  to   space 462848K, 0% used [0x00000007a3c00000,0x00000007a3c00000,0x00000007c0000000)
 ParOldGen       total 2778624K, used 987593K [0x00000006c1a00000, 0x000000076b380000, 0x000000076b380000)
  object space 2778624K, 35% used [0x00000006c1a00000,0x00000006fde72718,0x000000076b380000)
 Metaspace       used 4105K, capacity 4638K, committed 4864K, reserved 1056768K
  class space    used 440K, capacity 462K, committed 512K, reserved 1048576K

Card table byte_map: [0x0000000011d40000,0x0000000012540000] byte_map_base: 0x000000000e733000

Marking Bits: (ParMarkBitMap*) 0x00000000558c2d00
 Begin Bits: [0x0000000013290000, 0x0000000017228000)
 End Bits:   [0x0000000017228000, 0x000000001b1c0000)

Polling page: 0x00000000009b0000

CodeCache: size=245760Kb used=2168Kb max_used=2307Kb free=243591Kb
 bounds [0x0000000002980000, 0x0000000002bf0000, 0x0000000011980000]
 total_blobs=575 nmethods=306 adapters=182
 compilation: enabled

Compilation events (10 events):
Event: 186.097 Thread 0x000000001e372000  321       3       java.io.PrintStream::ensureOpen (18 bytes)
Event: 186.253 Thread 0x000000001e372000 nmethod 321 0x0000000002ac3450 code [0x0000000002ac35c0, 0x0000000002ac3808]
Event: 186.253 Thread 0x000000001e372000  320       1       sun.nio.cs.StreamEncoder::isOpen (5 bytes)
Event: 186.269 Thread 0x000000001e372000 nmethod 320 0x0000000002abacd0 code [0x0000000002abae20, 0x0000000002abaf30]
Event: 196.374 Thread 0x000000001e372000  323   !   3       java.io.BufferedWriter::write (117 bytes)
Event: 196.379 Thread 0x000000001e372000 nmethod 323 0x0000000002abb650 code [0x0000000002abb820, 0x0000000002abbf88]
Event: 196.379 Thread 0x000000001e372000  324       3       java.lang.Character::isSurrogate (18 bytes)
Event: 196.379 Thread 0x000000001e372000 nmethod 324 0x0000000002ba8790 code [0x0000000002ba88e0, 0x0000000002ba8ab0]
Event: 196.379 Thread 0x000000001e372000  322       3       java.io.Writer::write (11 bytes)
Event: 196.468 Thread 0x000000001e372000 nmethod 322 0x0000000002ac0ad0 code [0x0000000002ac0c40, 0x0000000002ac0f48]

GC Heap History (10 events):
Event: 195.243 GC heap before
{Heap before GC invocations=127 (full 20):
 PSYoungGen      total 926208K, used 463392K [0x000000076b380000, 0x00000007c0000000, 0x00000007c0000000)
  eden space 463360K, 100% used [0x000000076b380000,0x0000000787800000,0x0000000787800000)
  from space 462848K, 0% used [0x00000007a3c00000,0x00000007a3c08000,0x00000007c0000000)
  to   space 462848K, 0% used [0x0000000787800000,0x0000000787800000,0x00000007a3c00000)
 ParOldGen       total 2778624K, used 987593K [0x00000006c1a00000, 0x000000076b380000, 0x000000076b380000)
  object space 2778624K, 35% used [0x00000006c1a00000,0x00000006fde72718,0x000000076b380000)
 Metaspace       used 4103K, capacity 4638K, committed 4864K, reserved 1056768K
  class space    used 440K, capacity 462K, committed 512K, reserved 1048576K
Event: 195.244 GC heap after
Heap after GC invocations=127 (full 20):
 PSYoungGen      total 926208K, used 96K [0x000000076b380000, 0x00000007c0000000, 0x00000007c0000000)
  eden space 463360K, 0% used [0x000000076b380000,0x000000076b380000,0x0000000787800000)
  from space 462848K, 0% used [0x0000000787800000,0x0000000787818000,0x00000007a3c00000)
  to   space 462848K, 0% used [0x00000007a3c00000,0x00000007a3c00000,0x00000007c0000000)
 ParOldGen       total 2778624K, used 987593K [0x00000006c1a00000, 0x000000076b380000, 0x000000076b380000)
  object space 2778624K, 35% used [0x00000006c1a00000,0x00000006fde72718,0x000000076b380000)
 Metaspace       used 4103K, capacity 4638K, committed 4864K, reserved 1056768K
  class space    used 440K, capacity 462K, committed 512K, reserved 1048576K
}
Event: 195.549 GC heap before
{Heap before GC invocations=128 (full 20):
 PSYoungGen      total 926208K, used 463456K [0x000000076b380000, 0x00000007c0000000, 0x00000007c0000000)
  eden space 463360K, 100% used [0x000000076b380000,0x0000000787800000,0x0000000787800000)
  from space 462848K, 0% used [0x0000000787800000,0x0000000787818000,0x00000007a3c00000)
  to   space 462848K, 0% used [0x00000007a3c00000,0x00000007a3c00000,0x00000007c0000000)
 ParOldGen       total 2778624K, used 987593K [0x00000006c1a00000, 0x000000076b380000, 0x000000076b380000)
  object space 2778624K, 35% used [0x00000006c1a00000,0x00000006fde72718,0x000000076b380000)
 Metaspace       used 4103K, capacity 4638K, committed 4864K, reserved 1056768K
  class space    used 440K, capacity 462K, committed 512K, reserved 1048576K
Event: 195.551 GC heap after
Heap after GC invocations=128 (full 20):
 PSYoungGen      total 926208K, used 0K [0x000000076b380000, 0x00000007c0000000, 0x00000007c0000000)
  eden space 463360K, 0% used [0x000000076b380000,0x000000076b380000,0x0000000787800000)
  from space 462848K, 0% used [0x00000007a3c00000,0x00000007a3c00000,0x00000007c0000000)
  to   space 462848K, 0% used [0x0000000787800000,0x0000000787800000,0x00000007a3c00000)
 ParOldGen       total 2778624K, used 987593K [0x00000006c1a00000, 0x000000076b380000, 0x000000076b380000)
  object space 2778624K, 35% used [0x00000006c1a00000,0x00000006fde72718,0x000000076b380000)
 Metaspace       used 4103K, capacity 4638K, committed 4864K, reserved 1056768K
  class space    used 440K, capacity 462K, committed 512K, reserved 1048576K
}
Event: 195.853 GC heap before
{Heap before GC invocations=129 (full 20):
 PSYoungGen      total 926208K, used 463360K [0x000000076b380000, 0x00000007c0000000, 0x00000007c0000000)
  eden space 463360K, 100% used [0x000000076b380000,0x0000000787800000,0x0000000787800000)
  from space 462848K, 0% used [0x00000007a3c00000,0x00000007a3c00000,0x00000007c0000000)
  to   space 462848K, 0% used [0x0000000787800000,0x0000000787800000,0x00000007a3c00000)
 ParOldGen       total 2778624K, used 987593K [0x00000006c1a00000, 0x000000076b380000, 0x000000076b380000)
  object space 2778624K, 35% used [0x00000006c1a00000,0x00000006fde72718,0x000000076b380000)
 Metaspace       used 4103K, capacity 4638K, committed 4864K, reserved 1056768K
  class space    used 440K, capacity 462K, committed 512K, reserved 1048576K
Event: 195.856 GC heap after
Heap after GC invocations=129 (full 20):
 PSYoungGen      total 926208K, used 0K [0x000000076b380000, 0x00000007c0000000, 0x00000007c0000000)
  eden space 463360K, 0% used [0x000000076b380000,0x000000076b380000,0x0000000787800000)
  from space 462848K, 0% used [0x0000000787800000,0x0000000787800000,0x00000007a3c00000)
  to   space 462848K, 0% used [0x00000007a3c00000,0x00000007a3c00000,0x00000007c0000000)
 ParOldGen       total 2778624K, used 987593K [0x00000006c1a00000, 0x000000076b380000, 0x000000076b380000)
  object space 2778624K, 35% used [0x00000006c1a00000,0x00000006fde72718,0x000000076b380000)
 Metaspace       used 4103K, capacity 4638K, committed 4864K, reserved 1056768K
  class space    used 440K, capacity 462K, committed 512K, reserved 1048576K
}
Event: 196.009 GC heap before
{Heap before GC invocations=130 (full 20):
 PSYoungGen      total 926208K, used 385927K [0x000000076b380000, 0x00000007c0000000, 0x00000007c0000000)
  eden space 463360K, 83% used [0x000000076b380000,0x0000000782c61c30,0x0000000787800000)
  from space 462848K, 0% used [0x0000000787800000,0x0000000787800000,0x00000007a3c00000)
  to   space 462848K, 0% used [0x00000007a3c00000,0x00000007a3c00000,0x00000007c0000000)
 ParOldGen       total 2778624K, used 987593K [0x00000006c1a00000, 0x000000076b380000, 0x000000076b380000)
  object space 2778624K, 35% used [0x00000006c1a00000,0x00000006fde72718,0x000000076b380000)
 Metaspace       used 4103K, capacity 4638K, committed 4864K, reserved 1056768K
  class space    used 440K, capacity 462K, committed 512K, reserved 1048576K
Event: 196.020 GC heap after
Heap after GC invocations=130 (full 20):
 PSYoungGen      total 891392K, used 81656K [0x000000076b380000, 0x00000007bde00000, 0x00000007c0000000)
  eden space 463360K, 0% used [0x000000076b380000,0x000000076b380000,0x0000000787800000)
  from space 428032K, 19% used [0x00000007a3c00000,0x00000007a8bbe008,0x00000007bde00000)
  to   space 445440K, 0% used [0x0000000787800000,0x0000000787800000,0x00000007a2b00000)
 ParOldGen       total 2778624K, used 987593K [0x00000006c1a00000, 0x000000076b380000, 0x000000076b380000)
  object space 2778624K, 35% used [0x00000006c1a00000,0x00000006fde72718,0x000000076b380000)
 Metaspace       used 4103K, capacity 4638K, committed 4864K, reserved 1056768K
  class space    used 440K, capacity 462K, committed 512K, reserved 1048576K
}
Event: 196.113 GC heap before
{Heap before GC invocations=131 (full 20):
 PSYoungGen      total 891392K, used 525238K [0x000000076b380000, 0x00000007bde00000, 0x00000007c0000000)
  eden space 463360K, 95% used [0x000000076b380000,0x00000007864af848,0x0000000787800000)
  from space 428032K, 19% used [0x00000007a3c00000,0x00000007a8bbe008,0x00000007bde00000)
  to   space 445440K, 0% used [0x0000000787800000,0x0000000787800000,0x00000007a2b00000)
 ParOldGen       total 2778624K, used 987593K [0x00000006c1a00000, 0x000000076b380000, 0x000000076b380000)
  object space 2778624K, 35% used [0x00000006c1a00000,0x00000006fde72718,0x000000076b380000)
 Metaspace       used 4103K, capacity 4638K, committed 4864K, reserved 1056768K
  class space    used 440K, capacity 462K, committed 512K, reserved 1048576K
Event: 196.212 GC heap after
Heap after GC invocations=131 (full 20):
 PSYoungGen      total 908800K, used 322144K [0x000000076b380000, 0x00000007c0000000, 0x00000007c0000000)
  eden space 463360K, 0% used [0x000000076b380000,0x000000076b380000,0x0000000787800000)
  from space 445440K, 72% used [0x0000000787800000,0x000000079b2981f8,0x00000007a2b00000)
  to   space 462848K, 0% used [0x00000007a3c00000,0x00000007a3c00000,0x00000007c0000000)
 ParOldGen       total 2778624K, used 987593K [0x00000006c1a00000, 0x000000076b380000, 0x000000076b380000)
  object space 2778624K, 35% used [0x00000006c1a00000,0x00000006fde72718,0x000000076b380000)
 Metaspace       used 4103K, capacity 4638K, committed 4864K, reserved 1056768K
  class space    used 440K, capacity 462K, committed 512K, reserved 1048576K
}

Deoptimization events (10 events):
Event: 11.780 Thread 0x0000000002882800 Uncommon trap: reason=unstable_if action=reinterpret pc=0x0000000002b266f8 method=sun.misc.FDBigInteger.rightInplaceSub(Lsun/misc/FDBigInteger;)Lsun/misc/FDBigInteger; @ 215
Event: 11.794 Thread 0x0000000002882800 Uncommon trap: reason=class_check action=maybe_recompile pc=0x0000000002b2777c method=sun.misc.FloatingDecimal.parseFloat(Ljava/lang/String;)F @ 4
Event: 13.336 Thread 0x0000000002882800 Uncommon trap: reason=unstable_if action=reinterpret pc=0x0000000002b6eb50 method=com.cloudmtr.Test.getPositions(Ljava/lang/String;)[F @ 98
Event: 13.337 Thread 0x0000000002882800 Uncommon trap: reason=unstable_if action=reinterpret pc=0x0000000002ad6d10 method=java.nio.charset.CharsetDecoder.decode(Ljava/nio/ByteBuffer;Ljava/nio/CharBuffer;Z)Ljava/nio/charset/CoderResult; @ 15
Event: 13.522 Thread 0x0000000002882800 Uncommon trap: reason=unstable_if action=reinterpret pc=0x0000000002af5e5c method=java.lang.String.substring(II)Ljava/lang/String; @ 49
Event: 13.695 Thread 0x0000000002882800 Uncommon trap: reason=array_check action=maybe_recompile pc=0x0000000002b05cf0 method=java.util.AbstractCollection.toArray([Ljava/lang/Object;)[Ljava/lang/Object; @ 119
Event: 15.956 Thread 0x0000000002882800 Uncommon trap: reason=unstable_if action=reinterpret pc=0x0000000002b9ce28 method=com.cloudmtr.Test.getIndices(Ljava/lang/String;)[I @ 98
Event: 15.958 Thread 0x0000000002882800 Uncommon trap: reason=unstable_if action=reinterpret pc=0x0000000002af6488 method=java.util.ArrayList.calculateCapacity([Ljava/lang/Object;I)I @ 4
Event: 15.959 Thread 0x0000000002882800 Uncommon trap: reason=unstable_if action=reinterpret pc=0x0000000002b9ba70 method=java.lang.Integer.valueOf(I)Ljava/lang/Integer; @ 10
Event: 37.665 Thread 0x0000000002882800 Uncommon trap: reason=unstable_if action=reinterpret pc=0x0000000002b90970 method=java.lang.Integer.valueOf(I)Ljava/lang/Integer; @ 10

Classes redefined (0 events):
No events

Internal exceptions (6 events):
Event: 0.145 Thread 0x0000000002882800 Exception <a 'java/lang/NoSuchMethodError': Method sun.misc.Unsafe.defineClass(Ljava/lang/String;[BII)Ljava/lang/Class; name or signature does not match> (0x000000076b387cb0) thrown at [C:\re\workspace\8-2-build-windows-amd64-cygwin\jdk8u181\11358\hotspot
Event: 0.145 Thread 0x0000000002882800 Exception <a 'java/lang/NoSuchMethodError': Method sun.misc.Unsafe.prefetchRead(Ljava/lang/Object;J)V name or signature does not match> (0x000000076b387f98) thrown at [C:\re\workspace\8-2-build-windows-amd64-cygwin\jdk8u181\11358\hotspot\src\share\vm\prim
Event: 0.414 Thread 0x0000000002882800 Exception <a 'java/security/PrivilegedActionException'> (0x000000076b50f268) thrown at [C:\re\workspace\8-2-build-windows-amd64-cygwin\jdk8u181\11358\hotspot\src\share\vm\prims\jvm.cpp, line 1435]
Event: 0.414 Thread 0x0000000002882800 Exception <a 'java/security/PrivilegedActionException'> (0x000000076b50f478) thrown at [C:\re\workspace\8-2-build-windows-amd64-cygwin\jdk8u181\11358\hotspot\src\share\vm\prims\jvm.cpp, line 1435]
Event: 0.414 Thread 0x0000000002882800 Exception <a 'java/security/PrivilegedActionException'> (0x000000076b5114b0) thrown at [C:\re\workspace\8-2-build-windows-amd64-cygwin\jdk8u181\11358\hotspot\src\share\vm\prims\jvm.cpp, line 1435]
Event: 0.414 Thread 0x0000000002882800 Exception <a 'java/security/PrivilegedActionException'> (0x000000076b5116c0) thrown at [C:\re\workspace\8-2-build-windows-amd64-cygwin\jdk8u181\11358\hotspot\src\share\vm\prims\jvm.cpp, line 1435]

Events (10 events):
Event: 195.549 Executing VM operation: ParallelGCFailedAllocation
Event: 195.551 Executing VM operation: ParallelGCFailedAllocation done
Event: 195.853 Executing VM operation: ParallelGCFailedAllocation
Event: 195.856 Executing VM operation: ParallelGCFailedAllocation done
Event: 196.009 Executing VM operation: ParallelGCFailedAllocation
Event: 196.020 Executing VM operation: ParallelGCFailedAllocation done
Event: 196.113 Executing VM operation: ParallelGCFailedAllocation
Event: 196.212 Executing VM operation: ParallelGCFailedAllocation done
Event: 196.212 Executing VM operation: RevokeBias
Event: 196.213 Executing VM operation: RevokeBias done


Dynamic libraries:
0x00007ff684e50000 - 0x00007ff684e87000 	E:\jdk1.8\bin\java.exe
0x00007ff93cd80000 - 0x00007ff93cf70000 	C:\WINDOWS\SYSTEM32\ntdll.dll
0x00007ff93c190000 - 0x00007ff93c242000 	C:\WINDOWS\System32\KERNEL32.DLL
0x00007ff93a250000 - 0x00007ff93a4f4000 	C:\WINDOWS\System32\KERNELBASE.dll
0x00007ff93af00000 - 0x00007ff93afa3000 	C:\WINDOWS\System32\ADVAPI32.dll
0x00007ff93c400000 - 0x00007ff93c49e000 	C:\WINDOWS\System32\msvcrt.dll
0x00007ff93c660000 - 0x00007ff93c6f7000 	C:\WINDOWS\System32\sechost.dll
0x00007ff93c2d0000 - 0x00007ff93c3f0000 	C:\WINDOWS\System32\RPCRT4.dll
0x00007ff93b9b0000 - 0x00007ff93bb45000 	C:\WINDOWS\System32\USER32.dll
0x00007ff93ae00000 - 0x00007ff93ae21000 	C:\WINDOWS\System32\win32u.dll
0x00007ff93c870000 - 0x00007ff93c896000 	C:\WINDOWS\System32\GDI32.dll
0x00007ff93a0b0000 - 0x00007ff93a246000 	C:\WINDOWS\System32\gdi32full.dll
0x00007ff93ad60000 - 0x00007ff93adfe000 	C:\WINDOWS\System32\msvcp_win.dll
0x00007ff939db0000 - 0x00007ff939eaa000 	C:\WINDOWS\System32\ucrtbase.dll
0x00007ff92ce70000 - 0x00007ff92d0f4000 	C:\WINDOWS\WinSxS\amd64_microsoft.windows.common-controls_6595b64144ccf1df_6.0.18362.1016_none_9e7a36bbe461dae4\COMCTL32.dll
0x00007ff93bcb0000 - 0x00007ff93bfe5000 	C:\WINDOWS\System32\combase.dll
0x00007ff939eb0000 - 0x00007ff939f30000 	C:\WINDOWS\System32\bcryptPrimitives.dll
0x00007ff93c8a0000 - 0x00007ff93c8ce000 	C:\WINDOWS\System32\IMM32.DLL
0x0000000055950000 - 0x0000000055a22000 	E:\jdk1.8\jre\bin\msvcr100.dll
0x00000000550a0000 - 0x0000000055942000 	E:\jdk1.8\jre\bin\server\jvm.dll
0x00007ff93c250000 - 0x00007ff93c258000 	C:\WINDOWS\System32\PSAPI.DLL
0x00007ff932110000 - 0x00007ff93211a000 	C:\WINDOWS\SYSTEM32\VERSION.dll
0x00007ff933780000 - 0x00007ff9337a4000 	C:\WINDOWS\SYSTEM32\WINMM.dll
0x00007ff923e80000 - 0x00007ff923e89000 	C:\WINDOWS\SYSTEM32\WSOCK32.dll
0x00007ff93c260000 - 0x00007ff93c2cf000 	C:\WINDOWS\System32\WS2_32.dll
0x00007ff933750000 - 0x00007ff93377d000 	C:\WINDOWS\SYSTEM32\WINMMBASE.dll
0x00007ff93ac90000 - 0x00007ff93acda000 	C:\WINDOWS\System32\cfgmgr32.dll
0x0000000055090000 - 0x000000005509f000 	E:\jdk1.8\jre\bin\verify.dll
0x0000000055060000 - 0x0000000055089000 	E:\jdk1.8\jre\bin\java.dll
0x0000000054ff0000 - 0x0000000055013000 	E:\jdk1.8\jre\bin\instrument.dll
0x0000000055040000 - 0x0000000055056000 	E:\jdk1.8\jre\bin\zip.dll
0x00007ff93afb0000 - 0x00007ff93b697000 	C:\WINDOWS\System32\SHELL32.dll
0x00007ff93c7c0000 - 0x00007ff93c869000 	C:\WINDOWS\System32\shcore.dll
0x00007ff93a500000 - 0x00007ff93ac82000 	C:\WINDOWS\System32\windows.storage.dll
0x00007ff939c60000 - 0x00007ff939c83000 	C:\WINDOWS\System32\profapi.dll
0x00007ff939cb0000 - 0x00007ff939cfa000 	C:\WINDOWS\System32\powrprof.dll
0x00007ff939c30000 - 0x00007ff939c40000 	C:\WINDOWS\System32\UMPDC.dll
0x00007ff93bb50000 - 0x00007ff93bba2000 	C:\WINDOWS\System32\shlwapi.dll
0x00007ff939c40000 - 0x00007ff939c51000 	C:\WINDOWS\System32\kernel.appcore.dll
0x00007ff93ad40000 - 0x00007ff93ad57000 	C:\WINDOWS\System32\cryptsp.dll
0x00007ff929290000 - 0x00007ff9292aa000 	E:\IntelliJ IDEA 2020.1\bin\breakgen64.dll
0x0000000054fd0000 - 0x0000000054fea000 	E:\jdk1.8\jre\bin\net.dll
0x00007ff939490000 - 0x00007ff9394f7000 	C:\WINDOWS\system32\mswsock.dll
0x00007ff929270000 - 0x00007ff929285000 	C:\Users\Lenovo\AppData\Local\Temp\SimpleQSlim_x64.dll
0x00007ff90ef00000 - 0x00007ff90ef91000 	C:\WINDOWS\SYSTEM32\MSVCP140.dll
0x00007ff90efa0000 - 0x00007ff90efb9000 	C:\WINDOWS\SYSTEM32\VCRUNTIME140.dll
0x00007ff912950000 - 0x00007ff91295c000 	C:\WINDOWS\SYSTEM32\VCRUNTIME140_1.dll

VM Arguments:
jvm_args: -javaagent:E:\IntelliJ IDEA 2020.1\lib\idea_rt.jar=54194:E:\IntelliJ IDEA 2020.1\bin -Dfile.encoding=UTF-8 
java_command: com.cloudmtr.Test
java_class_path (initial): E:\jdk1.8\jre\lib\charsets.jar;E:\jdk1.8\jre\lib\deploy.jar;E:\jdk1.8\jre\lib\ext\access-bridge-64.jar;E:\jdk1.8\jre\lib\ext\cldrdata.jar;E:\jdk1.8\jre\lib\ext\dnsns.jar;E:\jdk1.8\jre\lib\ext\jaccess.jar;E:\jdk1.8\jre\lib\ext\jfxrt.jar;E:\jdk1.8\jre\lib\ext\localedata.jar;E:\jdk1.8\jre\lib\ext\nashorn.jar;E:\jdk1.8\jre\lib\ext\sunec.jar;E:\jdk1.8\jre\lib\ext\sunjce_provider.jar;E:\jdk1.8\jre\lib\ext\sunmscapi.jar;E:\jdk1.8\jre\lib\ext\sunpkcs11.jar;E:\jdk1.8\jre\lib\ext\zipfs.jar;E:\jdk1.8\jre\lib\javaws.jar;E:\jdk1.8\jre\lib\jce.jar;E:\jdk1.8\jre\lib\jfr.jar;E:\jdk1.8\jre\lib\jfxswt.jar;E:\jdk1.8\jre\lib\jsse.jar;E:\jdk1.8\jre\lib\management-agent.jar;E:\jdk1.8\jre\lib\plugin.jar;E:\jdk1.8\jre\lib\resources.jar;E:\jdk1.8\jre\lib\rt.jar;D:\JhonKkk\Other\sources\simplify\Simplify\out\test\Simplify;D:\JhonKkk\Other\sources\simplify\Simplify\out\production\main;E:\IntelliJ IDEA 2020.1\lib\idea_rt.jar
Launcher Type: SUN_STANDARD

Environment Variables:
JAVA_HOME=E:\jdk1.8
CLASSPATH=.;E:\jdk1.8\lib\dt.jar;E:\jdk1.8\lib\tools.jar;
PATH=E:\jdk1.8\bin;E:\jdk1.8\jre\bin;C:\Program Files (x86)\Common Files\Oracle\Java\javapath;C:\WINDOWS\system32;C:\WINDOWS;C:\WINDOWS\System32\Wbem;C:\WINDOWS\System32\WindowsPowerShell\v1.0\;C:\WINDOWS\System32\OpenSSH\;E:\Git\cmd;E:\nodeJs\;;C:\Program Files\NuGraf64;C:\Program Files\Common Files\Autodesk Shared\;C:\WINDOWS\system32\config\systemprofile\.dnx\bin;C:\Program Files\Microsoft DNX\Dnvm\;C:\Program Files\Microsoft SQL Server\130\Tools\Binn\;C:\Program Files (x86)\Autodesk\Backburner\;C:\Program Files (x86)\GtkSharp\2.12\bin;C:\Program Files\dotnet\;C:\Program Files\Microsoft SQL Server\Client SDK\ODBC\170\Tools\Binn\;C:\Users\Lenovo\AppData\Local\Microsoft\WindowsApps;C:\Users\Lenovo\AppData\Roaming\npm;C:\Users\Lenovo\.dotnet\tools;E:\Bandizip\
USERNAME=JhonKkk
OS=Windows_NT
PROCESSOR_IDENTIFIER=Intel64 Family 6 Model 158 Stepping 9, GenuineIntel



---------------  S Y S T E M  ---------------

OS: Windows 10.0 , 64 bit Build 18362 (10.0.18362.959)

CPU:total 8 (initial active 8) (4 cores per cpu, 2 threads per core) family 6 model 158 stepping 9, cmov, cx8, fxsr, mmx, sse, sse2, sse3, ssse3, sse4.1, sse4.2, popcnt, avx, avx2, aes, clmul, erms, 3dnowpref, lzcnt, ht, tsc, tscinvbit, bmi1, bmi2, adx

Memory: 4k page, physical 16666788k(2099980k free), swap 32029800k(0k free)

vm_info: Java HotSpot(TM) 64-Bit Server VM (25.181-b13) for windows-amd64 JRE (1.8.0_181-b13), built on Jul  7 2018 04:01:33 by "java_re" with MS VC++ 10.0 (VS2010)

time: Tue Sep 01 16:46:44 2020
elapsed time: 206 seconds (0d 0h 3m 26s)

