#
# A fatal error has been detected by the Java Runtime Environment:
#
#  EXCEPTION_UNCAUGHT_CXX_EXCEPTION (0xe06d7363) at pc=0x00007ff93a28a719, pid=15112, tid=0x0000000000002444
#
# JRE version: Java(TM) SE Runtime Environment (8.0_181-b13) (build 1.8.0_181-b13)
# Java VM: Java HotSpot(TM) 64-Bit Server VM (25.181-b13 mixed mode windows-amd64 compressed oops)
# Problematic frame:
# C  [KERNELBASE.dll+0x3a719]
#
# Failed to write core dump. Minidumps are not enabled by default on client versions of Windows
#
# If you would like to submit a bug report, please visit:
#   http://bugreport.java.com/bugreport/crash.jsp
# The crash happened outside the Java Virtual Machine in native code.
# See problematic frame for where to report the bug.
#

---------------  T H R E A D  ---------------

Current thread (0x0000000002fa2800):  JavaThread "main" [_thread_in_native, id=9284, stack(0x00000000029d0000,0x0000000002ad0000)]

siginfo: ExceptionCode=0xe06d7363, ExceptionInformation=0x0000000019930520 0x0000000002acf100 0x00007ff92915d3a8 0x00007ff929150000 

Registers:
RAX=0x373238303937342c, RBX=0x00007ff92915d3a8, RCX=0x353238303937342c, RDX=0x363238303937342c
RSP=0x0000000002acefa0, RBP=0x0000000002acf2b0, RSI=0x0000000002acf100, RDI=0x0000000019930520
R8 =0x303338303937342c, R9 =0x343338303937342c, R10=0x323338303937342c, R11=0x333338303937342c
R12=0x2aaaaaaaaaaaaaab, R13=0x00007ff92915f960, R14=0x0000000773be9cf0, R15=0x0000000002fa29f8
RIP=0x00007ff93a28a719, EFLAGS=0x0000000000000202

Top of Stack: (sp=0x0000000002acefa0)
0x0000000002acefa0:   0000000000000002 00007ff92915d3a8
0x0000000002acefb0:   0000000002acf100 000000002db1b988
0x0000000002acefc0:   00000001e06d7363 0000000000000000
0x0000000002acefd0:   00007ff93a28a719 0000000000000004
0x0000000002acefe0:   0000000019930520 0000000002acf100
0x0000000002aceff0:   00007ff92915d3a8 00007ff929150000
0x0000000002acf000:   00007ff92915f960 2aaaaaaaaaaaaaab
0x0000000002acf010:   0000000002acf100 0000000002acf2b0
0x0000000002acf020:   0000000002acf0a0 00007ff93cd9f41f
0x0000000002acf030:   0000000019930520 00007ff900000000
0x0000000002acf040:   0000000000000000 00007ff93cdd3550
0x0000000002acf050:   00007ff929160000 00007ff929150000
0x0000000002acf060:   00007144d23b0c57 00007ff93a271dbb
0x0000000002acf070:   00007ff92915d3a8 00007ff90efa6210
0x0000000002acf080:   0000dd6fde924076 00000004622fc020
0x0000000002acf090:   0000000000000008 00007ff939dc9f46 

Instructions: (pc=0x00007ff93a28a719)
0x00007ff93a28a6f9:   8b d1 44 0f 47 c0 44 89 44 24 38 49 c1 e0 03 e8
0x00007ff93a28a709:   7a 4e 05 00 48 8d 4c 24 20 48 ff 15 9f c8 16 00
0x00007ff93a28a719:   0f 1f 44 00 00 48 8b 8c 24 c0 00 00 00 48 33 cc
0x00007ff93a28a729:   e8 72 ef 04 00 48 81 c4 d8 00 00 00 c3 83 64 24 


Register to memory mapping:

RAX=0x373238303937342c is an unknown value
RBX=0x00007ff92915d3a8 is an unknown value
RCX=0x353238303937342c is an unknown value
RDX=0x363238303937342c is an unknown value
RSP=0x0000000002acefa0 is pointing into the stack for thread: 0x0000000002fa2800
RBP=0x0000000002acf2b0 is pointing into the stack for thread: 0x0000000002fa2800
RSI=0x0000000002acf100 is pointing into the stack for thread: 0x0000000002fa2800
RDI=0x0000000019930520 is an unknown value
R8 =0x303338303937342c is an unknown value
R9 =0x343338303937342c is an unknown value
R10=0x323338303937342c is an unknown value
R11=0x333338303937342c is an unknown value
R12=0x2aaaaaaaaaaaaaab is an unknown value
R13=0x00007ff92915f960 is an unknown value
R14=0x0000000773be9cf0 is an oop

[error occurred during error reporting (printing register info), id 0xc0000005]

Stack: [0x00000000029d0000,0x0000000002ad0000],  sp=0x0000000002acefa0,  free space=1019k
Native frames: (J=compiled Java code, j=interpreted, Vv=VM code, C=native code)
C  [KERNELBASE.dll+0x3a719]
C  [VCRUNTIME140.dll+0x6210]
C  [SimpleQSlim_x64.dll+0x9443]  __scrt_throw_std_bad_alloc+0x1f
C  [SimpleQSlim_x64.dll+0x8555]  operator new+0x29
C  [SimpleQSlim_x64.dll+0x8388]  SQlimArray<vert_info>::init+0x48
C  [SimpleQSlim_x64.dll+0x70ba]  decimate_init+0x9a
C  [SimpleQSlim_x64.dll+0x18ef]  Java_jni_Cqslim_qslimRun___3F_3IF+0x48f
C  0x00000000030b8c67

Java frames: (J=compiled Java code, j=interpreted, Vv=VM code)
j  jni.Cqslim.qslimRun([F[IF)Ljni/CqsMesh;+0
j  com.cloudmtr.Test.testWrite()V+182
j  com.cloudmtr.Test.main([Ljava/lang/String;)V+35
v  ~StubRoutines::call_stub

---------------  P R O C E S S  ---------------

Java Threads: ( => current thread )
  0x000000001eb3c800 JavaThread "Service Thread" daemon [_thread_blocked, id=13212, stack(0x000000001f5b0000,0x000000001f6b0000)]
  0x000000001eaaa000 JavaThread "C1 CompilerThread3" daemon [_thread_blocked, id=12468, stack(0x000000001f4b0000,0x000000001f5b0000)]
  0x000000001ea9f000 JavaThread "C2 CompilerThread2" daemon [_thread_blocked, id=8064, stack(0x000000001f3b0000,0x000000001f4b0000)]
  0x000000001ea98000 JavaThread "C2 CompilerThread1" daemon [_thread_blocked, id=3372, stack(0x000000001f2b0000,0x000000001f3b0000)]
  0x000000001ea94000 JavaThread "C2 CompilerThread0" daemon [_thread_blocked, id=15108, stack(0x000000001f1b0000,0x000000001f2b0000)]
  0x000000001ea85800 JavaThread "Monitor Ctrl-Break" daemon [_thread_in_native, id=4080, stack(0x000000001f0b0000,0x000000001f1b0000)]
  0x000000001ea3d000 JavaThread "Attach Listener" daemon [_thread_blocked, id=3108, stack(0x000000001efb0000,0x000000001f0b0000)]
  0x000000001ea3c000 JavaThread "Signal Dispatcher" daemon [_thread_blocked, id=5096, stack(0x000000001eeb0000,0x000000001efb0000)]
  0x000000001cace000 JavaThread "Finalizer" daemon [_thread_blocked, id=680, stack(0x000000001edb0000,0x000000001eeb0000)]
  0x000000001cacd800 JavaThread "Reference Handler" daemon [_thread_blocked, id=14704, stack(0x000000001e8b0000,0x000000001e9b0000)]
=>0x0000000002fa2800 JavaThread "main" [_thread_in_native, id=9284, stack(0x00000000029d0000,0x0000000002ad0000)]

Other Threads:
  0x000000001cac9000 VMThread [stack: 0x000000001e7b0000,0x000000001e8b0000] [id=328]
  0x000000001eaff000 WatcherThread [stack: 0x000000001f6b0000,0x000000001f7b0000] [id=1400]

VM state:not at safepoint (normal execution)

VM Mutex/Monitor currently owned by a thread: None

Heap:
 PSYoungGen      total 926208K, used 544627K [0x000000076b380000, 0x00000007c0000000, 0x00000007c0000000)
  eden space 463360K, 48% used [0x000000076b380000,0x0000000778cdcbf0,0x0000000787800000)
  from space 462848K, 69% used [0x00000007a3c00000,0x00000007b76801f8,0x00000007c0000000)
  to   space 462848K, 0% used [0x0000000787800000,0x0000000787800000,0x00000007a3c00000)
 ParOldGen       total 2778624K, used 987601K [0x00000006c1a00000, 0x000000076b380000, 0x000000076b380000)
  object space 2778624K, 35% used [0x00000006c1a00000,0x00000006fde74718,0x000000076b380000)
 Metaspace       used 4103K, capacity 4638K, committed 4864K, reserved 1056768K
  class space    used 440K, capacity 462K, committed 512K, reserved 1048576K

Card table byte_map: [0x0000000012460000,0x0000000012c60000] byte_map_base: 0x000000000ee53000

Marking Bits: (ParMarkBitMap*) 0x00000000558c2d00
 Begin Bits: [0x00000000139b0000, 0x0000000017948000)
 End Bits:   [0x0000000017948000, 0x000000001b8e0000)

Polling page: 0x00000000007f0000

CodeCache: size=245760Kb used=2330Kb max_used=2342Kb free=243429Kb
 bounds [0x00000000030a0000, 0x0000000003310000, 0x00000000120a0000]
 total_blobs=585 nmethods=316 adapters=182
 compilation: enabled

Compilation events (10 events):
Event: 94.729 Thread 0x000000001eaaa000  313       1       java.net.URL::getPath (5 bytes)
Event: 94.729 Thread 0x000000001eaaa000 nmethod 313 0x00000000032ddf50 code [0x00000000032de0a0, 0x00000000032de1b0]
Event: 103.650 Thread 0x000000001eaaa000  315       3       java.util.ArrayList::rangeCheck (22 bytes)
Event: 103.651 Thread 0x000000001eaaa000 nmethod 315 0x00000000032e4790 code [0x00000000032e49a0, 0x00000000032e5458]
Event: 103.651 Thread 0x000000001eaaa000  316       3       java.util.ArrayList::elementData (7 bytes)
Event: 103.651 Thread 0x000000001eaaa000 nmethod 316 0x00000000032e0590 code [0x00000000032e06e0, 0x00000000032e0870]
Event: 103.651 Thread 0x000000001eaaa000  314       3       java.util.ArrayList::get (11 bytes)
Event: 103.651 Thread 0x000000001eaaa000 nmethod 314 0x00000000032e4090 code [0x00000000032e4220, 0x00000000032e4578]
Event: 130.558 Thread 0x000000001ea9f000  317       4       java.nio.charset.CoderResult::isUnderflow (13 bytes)
Event: 130.752 Thread 0x000000001ea9f000 nmethod 317 0x00000000032dec10 code [0x00000000032ded40, 0x00000000032dedb8]

GC Heap History (10 events):
Event: 129.421 GC heap before
{Heap before GC invocations=91 (full 15):
 PSYoungGen      total 926208K, used 463456K [0x000000076b380000, 0x00000007c0000000, 0x00000007c0000000)
  eden space 463360K, 100% used [0x000000076b380000,0x0000000787800000,0x0000000787800000)
  from space 462848K, 0% used [0x0000000787800000,0x0000000787818000,0x00000007a3c00000)
  to   space 462848K, 0% used [0x00000007a3c00000,0x00000007a3c00000,0x00000007c0000000)
 ParOldGen       total 2778624K, used 987593K [0x00000006c1a00000, 0x000000076b380000, 0x000000076b380000)
  object space 2778624K, 35% used [0x00000006c1a00000,0x00000006fde72718,0x000000076b380000)
 Metaspace       used 4103K, capacity 4638K, committed 4864K, reserved 1056768K
  class space    used 440K, capacity 462K, committed 512K, reserved 1048576K
Event: 129.423 GC heap after
Heap after GC invocations=91 (full 15):
 PSYoungGen      total 926208K, used 32K [0x000000076b380000, 0x00000007c0000000, 0x00000007c0000000)
  eden space 463360K, 0% used [0x000000076b380000,0x000000076b380000,0x0000000787800000)
  from space 462848K, 0% used [0x00000007a3c00000,0x00000007a3c08000,0x00000007c0000000)
  to   space 462848K, 0% used [0x0000000787800000,0x0000000787800000,0x00000007a3c00000)
 ParOldGen       total 2778624K, used 987593K [0x00000006c1a00000, 0x000000076b380000, 0x000000076b380000)
  object space 2778624K, 35% used [0x00000006c1a00000,0x00000006fde72718,0x000000076b380000)
 Metaspace       used 4103K, capacity 4638K, committed 4864K, reserved 1056768K
  class space    used 440K, capacity 462K, committed 512K, reserved 1048576K
}
Event: 129.721 GC heap before
{Heap before GC invocations=92 (full 15):
 PSYoungGen      total 926208K, used 463392K [0x000000076b380000, 0x00000007c0000000, 0x00000007c0000000)
  eden space 463360K, 100% used [0x000000076b380000,0x0000000787800000,0x0000000787800000)
  from space 462848K, 0% used [0x00000007a3c00000,0x00000007a3c08000,0x00000007c0000000)
  to   space 462848K, 0% used [0x0000000787800000,0x0000000787800000,0x00000007a3c00000)
 ParOldGen       total 2778624K, used 987593K [0x00000006c1a00000, 0x000000076b380000, 0x000000076b380000)
  object space 2778624K, 35% used [0x00000006c1a00000,0x00000006fde72718,0x000000076b380000)
 Metaspace       used 4103K, capacity 4638K, committed 4864K, reserved 1056768K
  class space    used 440K, capacity 462K, committed 512K, reserved 1048576K
Event: 129.722 GC heap after
Heap after GC invocations=92 (full 15):
 PSYoungGen      total 926208K, used 32K [0x000000076b380000, 0x00000007c0000000, 0x00000007c0000000)
  eden space 463360K, 0% used [0x000000076b380000,0x000000076b380000,0x0000000787800000)
  from space 462848K, 0% used [0x0000000787800000,0x0000000787808000,0x00000007a3c00000)
  to   space 462848K, 0% used [0x00000007a3c00000,0x00000007a3c00000,0x00000007c0000000)
 ParOldGen       total 2778624K, used 987593K [0x00000006c1a00000, 0x000000076b380000, 0x000000076b380000)
  object space 2778624K, 35% used [0x00000006c1a00000,0x00000006fde72718,0x000000076b380000)
 Metaspace       used 4103K, capacity 4638K, committed 4864K, reserved 1056768K
  class space    used 440K, capacity 462K, committed 512K, reserved 1048576K
}
Event: 130.018 GC heap before
{Heap before GC invocations=93 (full 15):
 PSYoungGen      total 926208K, used 463392K [0x000000076b380000, 0x00000007c0000000, 0x00000007c0000000)
  eden space 463360K, 100% used [0x000000076b380000,0x0000000787800000,0x0000000787800000)
  from space 462848K, 0% used [0x0000000787800000,0x0000000787808000,0x00000007a3c00000)
  to   space 462848K, 0% used [0x00000007a3c00000,0x00000007a3c00000,0x00000007c0000000)
 ParOldGen       total 2778624K, used 987593K [0x00000006c1a00000, 0x000000076b380000, 0x000000076b380000)
  object space 2778624K, 35% used [0x00000006c1a00000,0x00000006fde72718,0x000000076b380000)
 Metaspace       used 4103K, capacity 4638K, committed 4864K, reserved 1056768K
  class space    used 440K, capacity 462K, committed 512K, reserved 1048576K
Event: 130.020 GC heap after
Heap after GC invocations=93 (full 15):
 PSYoungGen      total 926208K, used 32K [0x000000076b380000, 0x00000007c0000000, 0x00000007c0000000)
  eden space 463360K, 0% used [0x000000076b380000,0x000000076b380000,0x0000000787800000)
  from space 462848K, 0% used [0x00000007a3c00000,0x00000007a3c08000,0x00000007c0000000)
  to   space 462848K, 0% used [0x0000000787800000,0x0000000787800000,0x00000007a3c00000)
 ParOldGen       total 2778624K, used 987593K [0x00000006c1a00000, 0x000000076b380000, 0x000000076b380000)
  object space 2778624K, 35% used [0x00000006c1a00000,0x00000006fde72718,0x000000076b380000)
 Metaspace       used 4103K, capacity 4638K, committed 4864K, reserved 1056768K
  class space    used 440K, capacity 462K, committed 512K, reserved 1048576K
}
Event: 130.188 GC heap before
{Heap before GC invocations=94 (full 15):
 PSYoungGen      total 926208K, used 391158K [0x000000076b380000, 0x00000007c0000000, 0x00000007c0000000)
  eden space 463360K, 84% used [0x000000076b380000,0x0000000783175a68,0x0000000787800000)
  from space 462848K, 0% used [0x00000007a3c00000,0x00000007a3c08000,0x00000007c0000000)
  to   space 462848K, 0% used [0x0000000787800000,0x0000000787800000,0x00000007a3c00000)
 ParOldGen       total 2778624K, used 987593K [0x00000006c1a00000, 0x000000076b380000, 0x000000076b380000)
  object space 2778624K, 35% used [0x00000006c1a00000,0x00000006fde72718,0x000000076b380000)
 Metaspace       used 4103K, capacity 4638K, committed 4864K, reserved 1056768K
  class space    used 440K, capacity 462K, committed 512K, reserved 1048576K
Event: 130.201 GC heap after
Heap after GC invocations=94 (full 15):
 PSYoungGen      total 926208K, used 81607K [0x000000076b380000, 0x00000007c0000000, 0x00000007c0000000)
  eden space 463360K, 0% used [0x000000076b380000,0x000000076b380000,0x0000000787800000)
  from space 462848K, 17% used [0x0000000787800000,0x000000078c7b1ff8,0x00000007a3c00000)
  to   space 462848K, 0% used [0x00000007a3c00000,0x00000007a3c00000,0x00000007c0000000)
 ParOldGen       total 2778624K, used 987593K [0x00000006c1a00000, 0x000000076b380000, 0x000000076b380000)
  object space 2778624K, 35% used [0x00000006c1a00000,0x00000006fde72718,0x000000076b380000)
 Metaspace       used 4103K, capacity 4638K, committed 4864K, reserved 1056768K
  class space    used 440K, capacity 462K, committed 512K, reserved 1048576K
}
Event: 130.295 GC heap before
{Heap before GC invocations=95 (full 15):
 PSYoungGen      total 926208K, used 525267K [0x000000076b380000, 0x00000007c0000000, 0x00000007c0000000)
  eden space 463360K, 95% used [0x000000076b380000,0x00000007864c2f08,0x0000000787800000)
  from space 462848K, 17% used [0x0000000787800000,0x000000078c7b1ff8,0x00000007a3c00000)
  to   space 462848K, 0% used [0x00000007a3c00000,0x00000007a3c00000,0x00000007c0000000)
 ParOldGen       total 2778624K, used 987593K [0x00000006c1a00000, 0x000000076b380000, 0x000000076b380000)
  object space 2778624K, 35% used [0x00000006c1a00000,0x00000006fde72718,0x000000076b380000)
 Metaspace       used 4103K, capacity 4638K, committed 4864K, reserved 1056768K
  class space    used 440K, capacity 462K, committed 512K, reserved 1048576K
Event: 130.397 GC heap after
Heap after GC invocations=95 (full 15):
 PSYoungGen      total 926208K, used 322048K [0x000000076b380000, 0x00000007c0000000, 0x00000007c0000000)
  eden space 463360K, 0% used [0x000000076b380000,0x000000076b380000,0x0000000787800000)
  from space 462848K, 69% used [0x00000007a3c00000,0x00000007b76801f8,0x00000007c0000000)
  to   space 462848K, 0% used [0x0000000787800000,0x0000000787800000,0x00000007a3c00000)
 ParOldGen       total 2778624K, used 987601K [0x00000006c1a00000, 0x000000076b380000, 0x000000076b380000)
  object space 2778624K, 35% used [0x00000006c1a00000,0x00000006fde74718,0x000000076b380000)
 Metaspace       used 4103K, capacity 4638K, committed 4864K, reserved 1056768K
  class space    used 440K, capacity 462K, committed 512K, reserved 1048576K
}

Deoptimization events (10 events):
Event: 11.290 Thread 0x0000000002fa2800 Uncommon trap: reason=unstable_if action=reinterpret pc=0x00000000032505b8 method=sun.misc.FDBigInteger.rightInplaceSub(Lsun/misc/FDBigInteger;)Lsun/misc/FDBigInteger; @ 215
Event: 11.321 Thread 0x0000000002fa2800 Uncommon trap: reason=class_check action=maybe_recompile pc=0x000000000326743c method=sun.misc.FloatingDecimal.parseFloat(Ljava/lang/String;)F @ 4
Event: 12.441 Thread 0x0000000002fa2800 Uncommon trap: reason=unstable_if action=reinterpret pc=0x0000000003251b90 method=com.cloudmtr.Test.getPositions(Ljava/lang/String;)[F @ 98
Event: 12.442 Thread 0x0000000002fa2800 Uncommon trap: reason=unstable_if action=reinterpret pc=0x00000000031fce50 method=java.nio.charset.CharsetDecoder.decode(Ljava/nio/ByteBuffer;Ljava/nio/CharBuffer;Z)Ljava/nio/charset/CoderResult; @ 15
Event: 12.598 Thread 0x0000000002fa2800 Uncommon trap: reason=unstable_if action=reinterpret pc=0x0000000003216058 method=java.lang.String.substring(II)Ljava/lang/String; @ 49
Event: 12.864 Thread 0x0000000002fa2800 Uncommon trap: reason=unstable_if action=reinterpret pc=0x0000000003227ce0 method=java.util.AbstractCollection.toArray([Ljava/lang/Object;)[Ljava/lang/Object; @ 46
Event: 12.980 Thread 0x0000000002fa2800 Uncommon trap: reason=unstable_if action=reinterpret pc=0x00000000032b50a8 method=com.cloudmtr.Test.getIndices(Ljava/lang/String;)[I @ 98
Event: 12.982 Thread 0x0000000002fa2800 Uncommon trap: reason=unstable_if action=reinterpret pc=0x0000000003216688 method=java.util.ArrayList.calculateCapacity([Ljava/lang/Object;I)I @ 4
Event: 12.983 Thread 0x0000000002fa2800 Uncommon trap: reason=unstable_if action=reinterpret pc=0x00000000032b80b0 method=java.lang.Integer.valueOf(I)Ljava/lang/Integer; @ 10
Event: 34.056 Thread 0x0000000002fa2800 Uncommon trap: reason=unstable_if action=reinterpret pc=0x00000000032aa030 method=java.lang.Integer.valueOf(I)Ljava/lang/Integer; @ 10

Classes redefined (0 events):
No events

Internal exceptions (6 events):
Event: 0.038 Thread 0x0000000002fa2800 Exception <a 'java/lang/NoSuchMethodError': Method sun.misc.Unsafe.defineClass(Ljava/lang/String;[BII)Ljava/lang/Class; name or signature does not match> (0x000000076b387cb0) thrown at [C:\re\workspace\8-2-build-windows-amd64-cygwin\jdk8u181\11358\hotspot
Event: 0.038 Thread 0x0000000002fa2800 Exception <a 'java/lang/NoSuchMethodError': Method sun.misc.Unsafe.prefetchRead(Ljava/lang/Object;J)V name or signature does not match> (0x000000076b387f98) thrown at [C:\re\workspace\8-2-build-windows-amd64-cygwin\jdk8u181\11358\hotspot\src\share\vm\prim
Event: 0.129 Thread 0x0000000002fa2800 Exception <a 'java/security/PrivilegedActionException'> (0x000000076b50f1b8) thrown at [C:\re\workspace\8-2-build-windows-amd64-cygwin\jdk8u181\11358\hotspot\src\share\vm\prims\jvm.cpp, line 1435]
Event: 0.129 Thread 0x0000000002fa2800 Exception <a 'java/security/PrivilegedActionException'> (0x000000076b50f3c8) thrown at [C:\re\workspace\8-2-build-windows-amd64-cygwin\jdk8u181\11358\hotspot\src\share\vm\prims\jvm.cpp, line 1435]
Event: 0.130 Thread 0x0000000002fa2800 Exception <a 'java/security/PrivilegedActionException'> (0x000000076b511400) thrown at [C:\re\workspace\8-2-build-windows-amd64-cygwin\jdk8u181\11358\hotspot\src\share\vm\prims\jvm.cpp, line 1435]
Event: 0.130 Thread 0x0000000002fa2800 Exception <a 'java/security/PrivilegedActionException'> (0x000000076b511610) thrown at [C:\re\workspace\8-2-build-windows-amd64-cygwin\jdk8u181\11358\hotspot\src\share\vm\prims\jvm.cpp, line 1435]

Events (10 events):
Event: 129.423 Executing VM operation: ParallelGCFailedAllocation done
Event: 129.721 Executing VM operation: ParallelGCFailedAllocation
Event: 129.722 Executing VM operation: ParallelGCFailedAllocation done
Event: 130.018 Executing VM operation: ParallelGCFailedAllocation
Event: 130.020 Executing VM operation: ParallelGCFailedAllocation done
Event: 130.188 Executing VM operation: ParallelGCFailedAllocation
Event: 130.201 Executing VM operation: ParallelGCFailedAllocation done
Event: 130.295 Executing VM operation: ParallelGCFailedAllocation
Event: 130.397 Executing VM operation: ParallelGCFailedAllocation done
Event: 130.752 Thread 0x000000001ea9f000 flushing nmethod 0x00000000031a3a50


Dynamic libraries:
0x00007ff684e50000 - 0x00007ff684e87000 	E:\jdk1.8\bin\java.exe
0x00007ff93cd80000 - 0x00007ff93cf70000 	C:\WINDOWS\SYSTEM32\ntdll.dll
0x00007ff93c190000 - 0x00007ff93c242000 	C:\WINDOWS\System32\KERNEL32.DLL
0x00007ff93a250000 - 0x00007ff93a4f4000 	C:\WINDOWS\System32\KERNELBASE.dll
0x00007ff93af00000 - 0x00007ff93afa3000 	C:\WINDOWS\System32\ADVAPI32.dll
0x00007ff93c400000 - 0x00007ff93c49e000 	C:\WINDOWS\System32\msvcrt.dll
0x00007ff93c660000 - 0x00007ff93c6f7000 	C:\WINDOWS\System32\sechost.dll
0x00007ff93c2d0000 - 0x00007ff93c3f0000 	C:\WINDOWS\System32\RPCRT4.dll
0x00007ff93b9b0000 - 0x00007ff93bb45000 	C:\WINDOWS\System32\USER32.dll
0x00007ff93ae00000 - 0x00007ff93ae21000 	C:\WINDOWS\System32\win32u.dll
0x00007ff93c870000 - 0x00007ff93c896000 	C:\WINDOWS\System32\GDI32.dll
0x00007ff93a0b0000 - 0x00007ff93a246000 	C:\WINDOWS\System32\gdi32full.dll
0x00007ff93ad60000 - 0x00007ff93adfe000 	C:\WINDOWS\System32\msvcp_win.dll
0x00007ff939db0000 - 0x00007ff939eaa000 	C:\WINDOWS\System32\ucrtbase.dll
0x00007ff92ce70000 - 0x00007ff92d0f4000 	C:\WINDOWS\WinSxS\amd64_microsoft.windows.common-controls_6595b64144ccf1df_6.0.18362.1016_none_9e7a36bbe461dae4\COMCTL32.dll
0x00007ff93bcb0000 - 0x00007ff93bfe5000 	C:\WINDOWS\System32\combase.dll
0x00007ff939eb0000 - 0x00007ff939f30000 	C:\WINDOWS\System32\bcryptPrimitives.dll
0x00007ff93c8a0000 - 0x00007ff93c8ce000 	C:\WINDOWS\System32\IMM32.DLL
0x0000000055950000 - 0x0000000055a22000 	E:\jdk1.8\jre\bin\msvcr100.dll
0x00000000550a0000 - 0x0000000055942000 	E:\jdk1.8\jre\bin\server\jvm.dll
0x00007ff93c250000 - 0x00007ff93c258000 	C:\WINDOWS\System32\PSAPI.DLL
0x00007ff933780000 - 0x00007ff9337a4000 	C:\WINDOWS\SYSTEM32\WINMM.dll
0x00007ff932110000 - 0x00007ff93211a000 	C:\WINDOWS\SYSTEM32\VERSION.dll
0x00007ff923e80000 - 0x00007ff923e89000 	C:\WINDOWS\SYSTEM32\WSOCK32.dll
0x00007ff93c260000 - 0x00007ff93c2cf000 	C:\WINDOWS\System32\WS2_32.dll
0x00007ff933750000 - 0x00007ff93377d000 	C:\WINDOWS\SYSTEM32\WINMMBASE.dll
0x00007ff93ac90000 - 0x00007ff93acda000 	C:\WINDOWS\System32\cfgmgr32.dll
0x0000000055090000 - 0x000000005509f000 	E:\jdk1.8\jre\bin\verify.dll
0x0000000055060000 - 0x0000000055089000 	E:\jdk1.8\jre\bin\java.dll
0x0000000054ff0000 - 0x0000000055013000 	E:\jdk1.8\jre\bin\instrument.dll
0x0000000055040000 - 0x0000000055056000 	E:\jdk1.8\jre\bin\zip.dll
0x00007ff93afb0000 - 0x00007ff93b697000 	C:\WINDOWS\System32\SHELL32.dll
0x00007ff93c7c0000 - 0x00007ff93c869000 	C:\WINDOWS\System32\shcore.dll
0x00007ff93a500000 - 0x00007ff93ac82000 	C:\WINDOWS\System32\windows.storage.dll
0x00007ff939c60000 - 0x00007ff939c83000 	C:\WINDOWS\System32\profapi.dll
0x00007ff939cb0000 - 0x00007ff939cfa000 	C:\WINDOWS\System32\powrprof.dll
0x00007ff939c30000 - 0x00007ff939c40000 	C:\WINDOWS\System32\UMPDC.dll
0x00007ff93bb50000 - 0x00007ff93bba2000 	C:\WINDOWS\System32\shlwapi.dll
0x00007ff939c40000 - 0x00007ff939c51000 	C:\WINDOWS\System32\kernel.appcore.dll
0x00007ff93ad40000 - 0x00007ff93ad57000 	C:\WINDOWS\System32\cryptsp.dll
0x00007ff928fb0000 - 0x00007ff928fca000 	E:\IntelliJ IDEA 2020.1\bin\breakgen64.dll
0x0000000054fd0000 - 0x0000000054fea000 	E:\jdk1.8\jre\bin\net.dll
0x00007ff939490000 - 0x00007ff9394f7000 	C:\WINDOWS\system32\mswsock.dll
0x00007ff929150000 - 0x00007ff929165000 	C:\Users\Lenovo\AppData\Local\Temp\SimpleQSlim_x64.dll
0x00007ff90efa0000 - 0x00007ff90efb9000 	C:\WINDOWS\SYSTEM32\VCRUNTIME140.dll
0x00007ff90ef00000 - 0x00007ff90ef91000 	C:\WINDOWS\SYSTEM32\MSVCP140.dll
0x00007ff912950000 - 0x00007ff91295c000 	C:\WINDOWS\SYSTEM32\VCRUNTIME140_1.dll
0x00007ff926290000 - 0x00007ff926484000 	C:\WINDOWS\SYSTEM32\dbghelp.dll

VM Arguments:
jvm_args: -javaagent:E:\IntelliJ IDEA 2020.1\lib\idea_rt.jar=54084:E:\IntelliJ IDEA 2020.1\bin -Dfile.encoding=UTF-8 
java_command: com.cloudmtr.Test
java_class_path (initial): E:\jdk1.8\jre\lib\charsets.jar;E:\jdk1.8\jre\lib\deploy.jar;E:\jdk1.8\jre\lib\ext\access-bridge-64.jar;E:\jdk1.8\jre\lib\ext\cldrdata.jar;E:\jdk1.8\jre\lib\ext\dnsns.jar;E:\jdk1.8\jre\lib\ext\jaccess.jar;E:\jdk1.8\jre\lib\ext\jfxrt.jar;E:\jdk1.8\jre\lib\ext\localedata.jar;E:\jdk1.8\jre\lib\ext\nashorn.jar;E:\jdk1.8\jre\lib\ext\sunec.jar;E:\jdk1.8\jre\lib\ext\sunjce_provider.jar;E:\jdk1.8\jre\lib\ext\sunmscapi.jar;E:\jdk1.8\jre\lib\ext\sunpkcs11.jar;E:\jdk1.8\jre\lib\ext\zipfs.jar;E:\jdk1.8\jre\lib\javaws.jar;E:\jdk1.8\jre\lib\jce.jar;E:\jdk1.8\jre\lib\jfr.jar;E:\jdk1.8\jre\lib\jfxswt.jar;E:\jdk1.8\jre\lib\jsse.jar;E:\jdk1.8\jre\lib\management-agent.jar;E:\jdk1.8\jre\lib\plugin.jar;E:\jdk1.8\jre\lib\resources.jar;E:\jdk1.8\jre\lib\rt.jar;D:\JhonKkk\Other\sources\simplify\Simplify\out\test\Simplify;D:\JhonKkk\Other\sources\simplify\Simplify\out\production\main;E:\IntelliJ IDEA 2020.1\lib\idea_rt.jar
Launcher Type: SUN_STANDARD

Environment Variables:
JAVA_HOME=E:\jdk1.8
CLASSPATH=.;E:\jdk1.8\lib\dt.jar;E:\jdk1.8\lib\tools.jar;
PATH=E:\jdk1.8\bin;E:\jdk1.8\jre\bin;C:\Program Files (x86)\Common Files\Oracle\Java\javapath;C:\WINDOWS\system32;C:\WINDOWS;C:\WINDOWS\System32\Wbem;C:\WINDOWS\System32\WindowsPowerShell\v1.0\;C:\WINDOWS\System32\OpenSSH\;E:\Git\cmd;E:\nodeJs\;;C:\Program Files\NuGraf64;C:\Program Files\Common Files\Autodesk Shared\;C:\WINDOWS\system32\config\systemprofile\.dnx\bin;C:\Program Files\Microsoft DNX\Dnvm\;C:\Program Files\Microsoft SQL Server\130\Tools\Binn\;C:\Program Files (x86)\Autodesk\Backburner\;C:\Program Files (x86)\GtkSharp\2.12\bin;C:\Program Files\dotnet\;C:\Program Files\Microsoft SQL Server\Client SDK\ODBC\170\Tools\Binn\;C:\Users\Lenovo\AppData\Local\Microsoft\WindowsApps;C:\Users\Lenovo\AppData\Roaming\npm;C:\Users\Lenovo\.dotnet\tools;E:\Bandizip\
USERNAME=JhonKkk
OS=Windows_NT
PROCESSOR_IDENTIFIER=Intel64 Family 6 Model 158 Stepping 9, GenuineIntel



---------------  S Y S T E M  ---------------

OS: Windows 10.0 , 64 bit Build 18362 (10.0.18362.959)

CPU:total 8 (initial active 8) (4 cores per cpu, 2 threads per core) family 6 model 158 stepping 9, cmov, cx8, fxsr, mmx, sse, sse2, sse3, ssse3, sse4.1, sse4.2, popcnt, avx, avx2, aes, clmul, erms, 3dnowpref, lzcnt, ht, tsc, tscinvbit, bmi1, bmi2, adx

Memory: 4k page, physical 16666788k(634616k free), swap 31824568k(298968k free)

vm_info: Java HotSpot(TM) 64-Bit Server VM (25.181-b13) for windows-amd64 JRE (1.8.0_181-b13), built on Jul  7 2018 04:01:33 by "java_re" with MS VC++ 10.0 (VS2010)

time: Tue Sep 01 16:39:11 2020
elapsed time: 135 seconds (0d 0h 2m 15s)

