#
# A fatal error has been detected by the Java Runtime Environment:
#
#  EXCEPTION_UNCAUGHT_CXX_EXCEPTION (0xe06d7363) at pc=0x00007ffcee3ea719, pid=17572, tid=0x0000000000003be8
#
# JRE version: Java(TM) SE Runtime Environment (8.0_181-b13) (build 1.8.0_181-b13)
# Java VM: Java HotSpot(TM) 64-Bit Server VM (25.181-b13 mixed mode windows-amd64 compressed oops)
# Problematic frame:
# C  [KERNELBASE.dll+0x3a719]
#
# Failed to write core dump. Minidumps are not enabled by default on client versions of Windows
#
# If you would like to submit a bug report, please visit:
#   http://bugreport.java.com/bugreport/crash.jsp
# The crash happened outside the Java Virtual Machine in native code.
# See problematic frame for where to report the bug.
#

---------------  T H R E A D  ---------------

Current thread (0x00000000031b2800):  JavaThread "main" [_thread_in_native, id=15336, stack(0x0000000002fb0000,0x00000000030b0000)]

siginfo: ExceptionCode=0xe06d7363, ExceptionInformation=0x0000000019930520 0x00000000030af3e0 0x00007ffcd347d3f8 0x00007ffcd3470000 

Registers:
RAX=0x343538303937342c, RBX=0x00007ffcd347d3f8, RCX=0x383538303937342c, RDX=0x363538303937342c
RSP=0x00000000030af280, RBP=0x0000000000800000, RSI=0x00000000030af3e0, RDI=0x0000000019930520
R8 =0x303638303937342c, R9 =0x323638303937342c, R10=0x333638303937342c, R11=0x313638303937342c
R12=0x000000000051f864, R13=0x00000000030af6a0, R14=0x00000000317c1770, R15=0x0000000384b2fd50
RIP=0x00007ffcee3ea719, EFLAGS=0x0000000000000206

Top of Stack: (sp=0x00000000030af280)
0x00000000030af280:   0000000000000000 00007ffcd347d3f8
0x00000000030af290:   00000000030af3e0 0000000004000000
0x00000000030af2a0:   00000001e06d7363 0000000000000000
0x00000000030af2b0:   00007ffcee3ea719 0000000000000004
0x00000000030af2c0:   0000000019930520 00000000030af3e0
0x00000000030af2d0:   00007ffcd347d3f8 00007ffcd3470000
0x00000000030af2e0:   00000000030af6a0 000000000051f864
0x00000000030af2f0:   00000000030af3e0 0000000000800000
0x00000000030af300:   00000000030af380 00007ffcf12df41f
0x00000000030af310:   0000000019930520 0000000000000000
0x00000000030af320:   0000000000000000 00007ffcf1313550
0x00000000030af330:   00007ffcd3480000 00007ffcd3470000
0x00000000030af340:   0000ccf2023d73bb 00007ffcee3d1dbb
0x00000000030af350:   00007ffcd347d3f8 00007ffcdec26210
0x00000000030af360:   00004d34d30213dd 00000000030af450
0x00000000030af370:   0000000000000008 00007ffceee69f46 

Instructions: (pc=0x00007ffcee3ea719)
0x00007ffcee3ea6f9:   8b d1 44 0f 47 c0 44 89 44 24 38 49 c1 e0 03 e8
0x00007ffcee3ea709:   7a 4e 05 00 48 8d 4c 24 20 48 ff 15 9f c8 16 00
0x00007ffcee3ea719:   0f 1f 44 00 00 48 8b 8c 24 c0 00 00 00 48 33 cc
0x00007ffcee3ea729:   e8 72 ef 04 00 48 81 c4 d8 00 00 00 c3 83 64 24 


Register to memory mapping:

RAX=0x343538303937342c is an unknown value
RBX=0x00007ffcd347d3f8 is an unknown value
RCX=0x383538303937342c is an unknown value
RDX=0x363538303937342c is an unknown value
RSP=0x00000000030af280 is pointing into the stack for thread: 0x00000000031b2800
RBP=0x0000000000800000 is an unknown value
RSI=0x00000000030af3e0 is pointing into the stack for thread: 0x00000000031b2800
RDI=0x0000000019930520 is an unknown value
R8 =0x303638303937342c is an unknown value
R9 =0x323638303937342c is an unknown value
R10=0x333638303937342c is an unknown value
R11=0x313638303937342c is an unknown value
R12=0x000000000051f864 is an unknown value
R13=0x00000000030af6a0 is pointing into the stack for thread: 0x00000000031b2800
R14=0x00000000317c1770 is an unknown value
R15=0x0000000384b2fd50 is an unknown value


Stack: [0x0000000002fb0000,0x00000000030b0000],  sp=0x00000000030af280,  free space=1020k
Native frames: (J=compiled Java code, j=interpreted, Vv=VM code, C=native code)
C  [KERNELBASE.dll+0x3a719]

Java frames: (J=compiled Java code, j=interpreted, Vv=VM code)
j  jni.Cqslim.qslimRun([F[IF)Ljni/CqsMesh;+0
J 310 C2 com.cloudmtr.Test.testWrite()V (359 bytes) @ 0x000000000351c058 [0x000000000351b080+0xfd8]
j  com.cloudmtr.Test.main([Ljava/lang/String;)V+35
v  ~StubRoutines::call_stub

---------------  P R O C E S S  ---------------

Java Threads: ( => current thread )
  0x000000001ecae000 JavaThread "Service Thread" daemon [_thread_blocked, id=24360, stack(0x000000001f800000,0x000000001f900000)]
  0x000000001ec8e000 JavaThread "C1 CompilerThread3" daemon [_thread_blocked, id=3704, stack(0x000000001f700000,0x000000001f800000)]
  0x000000001ec89000 JavaThread "C2 CompilerThread2" daemon [_thread_blocked, id=17328, stack(0x000000001f600000,0x000000001f700000)]
  0x000000001ec80000 JavaThread "C2 CompilerThread1" daemon [_thread_blocked, id=24376, stack(0x000000001f500000,0x000000001f600000)]
  0x000000001ec71000 JavaThread "C2 CompilerThread0" daemon [_thread_blocked, id=25280, stack(0x000000001f400000,0x000000001f500000)]
  0x000000001ec6f800 JavaThread "Monitor Ctrl-Break" daemon [_thread_in_native, id=18776, stack(0x000000001f300000,0x000000001f400000)]
  0x000000001ec2c800 JavaThread "Attach Listener" daemon [_thread_blocked, id=25180, stack(0x000000001f200000,0x000000001f300000)]
  0x000000001ebd9800 JavaThread "Signal Dispatcher" daemon [_thread_blocked, id=14648, stack(0x000000001f100000,0x000000001f200000)]
  0x000000001ebc0800 JavaThread "Finalizer" daemon [_thread_blocked, id=18100, stack(0x000000001efa0000,0x000000001f0a0000)]
  0x000000001ccdd800 JavaThread "Reference Handler" daemon [_thread_blocked, id=3540, stack(0x000000001eaa0000,0x000000001eba0000)]
=>0x00000000031b2800 JavaThread "main" [_thread_in_native, id=15336, stack(0x0000000002fb0000,0x00000000030b0000)]

Other Threads:
  0x000000001ccd9000 VMThread [stack: 0x000000001e9a0000,0x000000001eaa0000] [id=18064]
  0x000000001ed43800 WatcherThread [stack: 0x000000001f900000,0x000000001fa00000] [id=18688]

VM state:not at safepoint (normal execution)

VM Mutex/Monitor currently owned by a thread: None

Heap:
 PSYoungGen      total 913408K, used 575234K [0x000000076b380000, 0x00000007c0000000, 0x00000007c0000000)
  eden space 450560K, 87% used [0x000000076b380000,0x000000078354cdc0,0x0000000786b80000)
  from space 462848K, 38% used [0x0000000786b80000,0x0000000791b73e00,0x00000007a2f80000)
  to   space 462848K, 0% used [0x00000007a3c00000,0x00000007a3c00000,0x00000007c0000000)
 ParOldGen       total 2778624K, used 987585K [0x00000006c1a00000, 0x000000076b380000, 0x000000076b380000)
  object space 2778624K, 35% used [0x00000006c1a00000,0x00000006fde70678,0x000000076b380000)
 Metaspace       used 4117K, capacity 4638K, committed 4864K, reserved 1056768K
  class space    used 440K, capacity 462K, committed 512K, reserved 1048576K

Card table byte_map: [0x0000000012670000,0x0000000012e70000] byte_map_base: 0x000000000f063000

Marking Bits: (ParMarkBitMap*) 0x00000000591b2d00
 Begin Bits: [0x0000000013bc0000, 0x0000000017b58000)
 End Bits:   [0x0000000017b58000, 0x000000001baf0000)

Polling page: 0x0000000000bf0000

CodeCache: size=245760Kb used=2311Kb max_used=2478Kb free=243448Kb
 bounds [0x00000000032b0000, 0x0000000003530000, 0x00000000122b0000]
 total_blobs=574 nmethods=305 adapters=182
 compilation: enabled

Compilation events (10 events):
Event: 103.381 Thread 0x000000001ec8e000  323       3       java.util.ArrayList::elementData (7 bytes)
Event: 103.381 Thread 0x000000001ec8e000 nmethod 323 0x00000000034f9990 code [0x00000000034f9ae0, 0x00000000034f9c70]
Event: 103.381 Thread 0x000000001ec8e000  321       3       java.util.ArrayList::get (11 bytes)
Event: 103.381 Thread 0x000000001ec8e000 nmethod 321 0x00000000033ff350 code [0x00000000033ff4e0, 0x00000000033ff838]
Event: 118.495 Thread 0x000000001ec8e000  324       1       java.net.URL::getPath (5 bytes)
Event: 118.495 Thread 0x000000001ec8e000 nmethod 324 0x00000000033eac50 code [0x00000000033eada0, 0x00000000033eaeb0]
Event: 178.517 Thread 0x000000001ec8e000  326       3       java.io.PrintStream::ensureOpen (18 bytes)
Event: 178.989 Thread 0x000000001ec8e000 nmethod 326 0x00000000033ea7d0 code [0x00000000033ea940, 0x00000000033eab88]
Event: 178.990 Thread 0x000000001ec8e000  325       1       sun.nio.cs.StreamEncoder::isOpen (5 bytes)
Event: 179.001 Thread 0x000000001ec8e000 nmethod 325 0x00000000033f0390 code [0x00000000033f04e0, 0x00000000033f05f0]

GC Heap History (10 events):
Event: 177.639 GC heap before
{Heap before GC invocations=131 (full 20):
 PSYoungGen      total 926208K, used 463456K [0x000000076b380000, 0x00000007c0000000, 0x00000007c0000000)
  eden space 463360K, 100% used [0x000000076b380000,0x0000000787800000,0x0000000787800000)
  from space 462848K, 0% used [0x00000007a3c00000,0x00000007a3c18000,0x00000007c0000000)
  to   space 462848K, 0% used [0x0000000787800000,0x0000000787800000,0x00000007a3c00000)
 ParOldGen       total 2778624K, used 987585K [0x00000006c1a00000, 0x000000076b380000, 0x000000076b380000)
  object space 2778624K, 35% used [0x00000006c1a00000,0x00000006fde70678,0x000000076b380000)
 Metaspace       used 4117K, capacity 4638K, committed 4864K, reserved 1056768K
  class space    used 440K, capacity 462K, committed 512K, reserved 1048576K
Event: 177.641 GC heap after
Heap after GC invocations=131 (full 20):
 PSYoungGen      total 926208K, used 32K [0x000000076b380000, 0x00000007c0000000, 0x00000007c0000000)
  eden space 463360K, 0% used [0x000000076b380000,0x000000076b380000,0x0000000787800000)
  from space 462848K, 0% used [0x0000000787800000,0x0000000787808000,0x00000007a3c00000)
  to   space 462848K, 0% used [0x00000007a3c00000,0x00000007a3c00000,0x00000007c0000000)
 ParOldGen       total 2778624K, used 987585K [0x00000006c1a00000, 0x000000076b380000, 0x000000076b380000)
  object space 2778624K, 35% used [0x00000006c1a00000,0x00000006fde70678,0x000000076b380000)
 Metaspace       used 4117K, capacity 4638K, committed 4864K, reserved 1056768K
  class space    used 440K, capacity 462K, committed 512K, reserved 1048576K
}
Event: 177.955 GC heap before
{Heap before GC invocations=132 (full 20):
 PSYoungGen      total 926208K, used 463392K [0x000000076b380000, 0x00000007c0000000, 0x00000007c0000000)
  eden space 463360K, 100% used [0x000000076b380000,0x0000000787800000,0x0000000787800000)
  from space 462848K, 0% used [0x0000000787800000,0x0000000787808000,0x00000007a3c00000)
  to   space 462848K, 0% used [0x00000007a3c00000,0x00000007a3c00000,0x00000007c0000000)
 ParOldGen       total 2778624K, used 987585K [0x00000006c1a00000, 0x000000076b380000, 0x000000076b380000)
  object space 2778624K, 35% used [0x00000006c1a00000,0x00000006fde70678,0x000000076b380000)
 Metaspace       used 4117K, capacity 4638K, committed 4864K, reserved 1056768K
  class space    used 440K, capacity 462K, committed 512K, reserved 1048576K
Event: 177.957 GC heap after
Heap after GC invocations=132 (full 20):
 PSYoungGen      total 926208K, used 32K [0x000000076b380000, 0x00000007c0000000, 0x00000007c0000000)
  eden space 463360K, 0% used [0x000000076b380000,0x000000076b380000,0x0000000787800000)
  from space 462848K, 0% used [0x00000007a3c00000,0x00000007a3c08000,0x00000007c0000000)
  to   space 462848K, 0% used [0x0000000787800000,0x0000000787800000,0x00000007a3c00000)
 ParOldGen       total 2778624K, used 987585K [0x00000006c1a00000, 0x000000076b380000, 0x000000076b380000)
  object space 2778624K, 35% used [0x00000006c1a00000,0x00000006fde70678,0x000000076b380000)
 Metaspace       used 4117K, capacity 4638K, committed 4864K, reserved 1056768K
  class space    used 440K, capacity 462K, committed 512K, reserved 1048576K
}
Event: 178.110 GC heap before
{Heap before GC invocations=133 (full 20):
 PSYoungGen      total 926208K, used 385955K [0x000000076b380000, 0x00000007c0000000, 0x00000007c0000000)
  eden space 463360K, 83% used [0x000000076b380000,0x0000000782c60ea0,0x0000000787800000)
  from space 462848K, 0% used [0x00000007a3c00000,0x00000007a3c08000,0x00000007c0000000)
  to   space 462848K, 0% used [0x0000000787800000,0x0000000787800000,0x00000007a3c00000)
 ParOldGen       total 2778624K, used 987585K [0x00000006c1a00000, 0x000000076b380000, 0x000000076b380000)
  object space 2778624K, 35% used [0x00000006c1a00000,0x00000006fde70678,0x000000076b380000)
 Metaspace       used 4117K, capacity 4638K, committed 4864K, reserved 1056768K
  class space    used 440K, capacity 462K, committed 512K, reserved 1048576K
Event: 178.124 GC heap after
Heap after GC invocations=133 (full 20):
 PSYoungGen      total 545280K, used 81671K [0x000000076b380000, 0x00000007be700000, 0x00000007c0000000)
  eden space 463360K, 0% used [0x000000076b380000,0x000000076b380000,0x0000000787800000)
  from space 81920K, 99% used [0x0000000787800000,0x000000078c7c1ff8,0x000000078c800000)
  to   space 450048K, 0% used [0x00000007a2f80000,0x00000007a2f80000,0x00000007be700000)
 ParOldGen       total 2778624K, used 987585K [0x00000006c1a00000, 0x000000076b380000, 0x000000076b380000)
  object space 2778624K, 35% used [0x00000006c1a00000,0x00000006fde70678,0x000000076b380000)
 Metaspace       used 4117K, capacity 4638K, committed 4864K, reserved 1056768K
  class space    used 440K, capacity 462K, committed 512K, reserved 1048576K
}
Event: 178.229 GC heap before
{Heap before GC invocations=134 (full 20):
 PSYoungGen      total 545280K, used 525242K [0x000000076b380000, 0x00000007be700000, 0x00000007c0000000)
  eden space 463360K, 95% used [0x000000076b380000,0x00000007864acb98,0x0000000787800000)
  from space 81920K, 99% used [0x0000000787800000,0x000000078c7c1ff8,0x000000078c800000)
  to   space 450048K, 0% used [0x00000007a2f80000,0x00000007a2f80000,0x00000007be700000)
 ParOldGen       total 2778624K, used 987585K [0x00000006c1a00000, 0x000000076b380000, 0x000000076b380000)
  object space 2778624K, 35% used [0x00000006c1a00000,0x00000006fde70678,0x000000076b380000)
 Metaspace       used 4117K, capacity 4638K, committed 4864K, reserved 1056768K
  class space    used 440K, capacity 462K, committed 512K, reserved 1048576K
Event: 178.337 GC heap after
Heap after GC invocations=134 (full 20):
 PSYoungGen      total 900608K, used 322080K [0x000000076b380000, 0x00000007c0000000, 0x00000007c0000000)
  eden space 450560K, 0% used [0x000000076b380000,0x000000076b380000,0x0000000786b80000)
  from space 450048K, 71% used [0x00000007a2f80000,0x00000007b6a081f8,0x00000007be700000)
  to   space 462848K, 0% used [0x0000000786b80000,0x0000000786b80000,0x00000007a2f80000)
 ParOldGen       total 2778624K, used 987585K [0x00000006c1a00000, 0x000000076b380000, 0x000000076b380000)
  object space 2778624K, 35% used [0x00000006c1a00000,0x00000006fde70678,0x000000076b380000)
 Metaspace       used 4117K, capacity 4638K, committed 4864K, reserved 1056768K
  class space    used 440K, capacity 462K, committed 512K, reserved 1048576K
}
Event: 178.568 GC heap before
{Heap before GC invocations=135 (full 20):
 PSYoungGen      total 900608K, used 772640K [0x000000076b380000, 0x00000007c0000000, 0x00000007c0000000)
  eden space 450560K, 100% used [0x000000076b380000,0x0000000786b80000,0x0000000786b80000)
  from space 450048K, 71% used [0x00000007a2f80000,0x00000007b6a081f8,0x00000007be700000)
  to   space 462848K, 0% used [0x0000000786b80000,0x0000000786b80000,0x00000007a2f80000)
 ParOldGen       total 2778624K, used 987585K [0x00000006c1a00000, 0x000000076b380000, 0x000000076b380000)
  object space 2778624K, 35% used [0x00000006c1a00000,0x00000006fde70678,0x000000076b380000)
 Metaspace       used 4117K, capacity 4638K, committed 4864K, reserved 1056768K
  class space    used 440K, capacity 462K, committed 512K, reserved 1048576K
Event: 178.697 GC heap after
Heap after GC invocations=135 (full 20):
 PSYoungGen      total 913408K, used 180175K [0x000000076b380000, 0x00000007c0000000, 0x00000007c0000000)
  eden space 450560K, 0% used [0x000000076b380000,0x000000076b380000,0x0000000786b80000)
  from space 462848K, 38% used [0x0000000786b80000,0x0000000791b73e00,0x00000007a2f80000)
  to   space 462848K, 0% used [0x00000007a3c00000,0x00000007a3c00000,0x00000007c0000000)
 ParOldGen       total 2778624K, used 987585K [0x00000006c1a00000, 0x000000076b380000, 0x000000076b380000)
  object space 2778624K, 35% used [0x00000006c1a00000,0x00000006fde70678,0x000000076b380000)
 Metaspace       used 4117K, capacity 4638K, committed 4864K, reserved 1056768K
  class space    used 440K, capacity 462K, committed 512K, reserved 1048576K
}

Deoptimization events (10 events):
Event: 12.492 Thread 0x00000000031b2800 Uncommon trap: reason=unstable_if action=reinterpret pc=0x0000000003403c90 method=java.nio.charset.CharsetDecoder.decode(Ljava/nio/ByteBuffer;Ljava/nio/CharBuffer;Z)Ljava/nio/charset/CoderResult; @ 15
Event: 12.654 Thread 0x00000000031b2800 Uncommon trap: reason=unstable_if action=reinterpret pc=0x000000000342339c method=java.lang.String.substring(II)Ljava/lang/String; @ 49
Event: 12.871 Thread 0x00000000031b2800 Uncommon trap: reason=unstable_if action=reinterpret pc=0x0000000003435560 method=java.util.AbstractCollection.toArray([Ljava/lang/Object;)[Ljava/lang/Object; @ 46
Event: 12.986 Thread 0x00000000031b2800 Uncommon trap: reason=unstable_if action=reinterpret pc=0x00000000034bf1e8 method=com.cloudmtr.Test.getIndices(Ljava/lang/String;)[I @ 98
Event: 12.986 Thread 0x00000000031b2800 Uncommon trap: reason=unstable_if action=reinterpret pc=0x000000000341ef48 method=java.util.ArrayList.calculateCapacity([Ljava/lang/Object;I)I @ 4
Event: 13.373 Thread 0x00000000031b2800 Uncommon trap: reason=unstable_if action=reinterpret pc=0x00000000034c5a9c method=com.cloudmtr.Test.testWrite()V @ 202
Event: 13.373 Thread 0x00000000031b2800 Uncommon trap: reason=unstable_if action=reinterpret pc=0x00000000034b5770 method=java.lang.Integer.valueOf(I)Ljava/lang/Integer; @ 10
Event: 13.418 Thread 0x00000000031b2800 Uncommon trap: reason=unstable_if action=reinterpret pc=0x00000000034d3be8 method=com.cloudmtr.Test.testWrite()V @ 255
Event: 13.421 Thread 0x00000000031b2800 Uncommon trap: reason=unstable_if action=reinterpret pc=0x00000000034c2230 method=java.lang.Integer.valueOf(I)Ljava/lang/Integer; @ 10
Event: 35.509 Thread 0x00000000031b2800 Uncommon trap: reason=unstable_if action=reinterpret pc=0x00000000034d5230 method=com.cloudmtr.Test.testWrite()V @ 202

Classes redefined (0 events):
No events

Internal exceptions (6 events):
Event: 0.126 Thread 0x00000000031b2800 Exception <a 'java/lang/NoSuchMethodError': Method sun.misc.Unsafe.defineClass(Ljava/lang/String;[BII)Ljava/lang/Class; name or signature does not match> (0x000000076b387cb0) thrown at [C:\re\workspace\8-2-build-windows-amd64-cygwin\jdk8u181\11358\hotspot
Event: 0.126 Thread 0x00000000031b2800 Exception <a 'java/lang/NoSuchMethodError': Method sun.misc.Unsafe.prefetchRead(Ljava/lang/Object;J)V name or signature does not match> (0x000000076b387f98) thrown at [C:\re\workspace\8-2-build-windows-amd64-cygwin\jdk8u181\11358\hotspot\src\share\vm\prim
Event: 0.212 Thread 0x00000000031b2800 Exception <a 'java/security/PrivilegedActionException'> (0x000000076b50f630) thrown at [C:\re\workspace\8-2-build-windows-amd64-cygwin\jdk8u181\11358\hotspot\src\share\vm\prims\jvm.cpp, line 1435]
Event: 0.212 Thread 0x00000000031b2800 Exception <a 'java/security/PrivilegedActionException'> (0x000000076b50f840) thrown at [C:\re\workspace\8-2-build-windows-amd64-cygwin\jdk8u181\11358\hotspot\src\share\vm\prims\jvm.cpp, line 1435]
Event: 0.213 Thread 0x00000000031b2800 Exception <a 'java/security/PrivilegedActionException'> (0x000000076b511878) thrown at [C:\re\workspace\8-2-build-windows-amd64-cygwin\jdk8u181\11358\hotspot\src\share\vm\prims\jvm.cpp, line 1435]
Event: 0.213 Thread 0x00000000031b2800 Exception <a 'java/security/PrivilegedActionException'> (0x000000076b511a88) thrown at [C:\re\workspace\8-2-build-windows-amd64-cygwin\jdk8u181\11358\hotspot\src\share\vm\prims\jvm.cpp, line 1435]

Events (10 events):
Event: 177.955 Executing VM operation: ParallelGCFailedAllocation
Event: 177.957 Executing VM operation: ParallelGCFailedAllocation done
Event: 178.110 Executing VM operation: ParallelGCFailedAllocation
Event: 178.124 Executing VM operation: ParallelGCFailedAllocation done
Event: 178.229 Executing VM operation: ParallelGCFailedAllocation
Event: 178.337 Executing VM operation: ParallelGCFailedAllocation done
Event: 178.337 Executing VM operation: RevokeBias
Event: 178.338 Executing VM operation: RevokeBias done
Event: 178.568 Executing VM operation: ParallelGCFailedAllocation
Event: 178.697 Executing VM operation: ParallelGCFailedAllocation done


Dynamic libraries:
0x00007ff78f8a0000 - 0x00007ff78f8d7000 	E:\jdk1.8\bin\java.exe
0x00007ffcf12c0000 - 0x00007ffcf14b0000 	C:\WINDOWS\SYSTEM32\ntdll.dll
0x00007ffcef370000 - 0x00007ffcef422000 	C:\WINDOWS\System32\KERNEL32.DLL
0x00007ffcee3b0000 - 0x00007ffcee654000 	C:\WINDOWS\System32\KERNELBASE.dll
0x00007ffcf01e0000 - 0x00007ffcf0283000 	C:\WINDOWS\System32\ADVAPI32.dll
0x00007ffcef4c0000 - 0x00007ffcef55e000 	C:\WINDOWS\System32\msvcrt.dll
0x00007ffcef590000 - 0x00007ffcef627000 	C:\WINDOWS\System32\sechost.dll
0x00007ffcf0b90000 - 0x00007ffcf0cb0000 	C:\WINDOWS\System32\RPCRT4.dll
0x00007ffcf09f0000 - 0x00007ffcf0b85000 	C:\WINDOWS\System32\USER32.dll
0x00007ffcee360000 - 0x00007ffcee381000 	C:\WINDOWS\System32\win32u.dll
0x00007ffcef560000 - 0x00007ffcef586000 	C:\WINDOWS\System32\GDI32.dll
0x00007ffceef50000 - 0x00007ffcef0e6000 	C:\WINDOWS\System32\gdi32full.dll
0x00007ffcee240000 - 0x00007ffcee2de000 	C:\WINDOWS\System32\msvcp_win.dll
0x00007ffceee50000 - 0x00007ffceef4a000 	C:\WINDOWS\System32\ucrtbase.dll
0x00007ffcce080000 - 0x00007ffcce304000 	C:\WINDOWS\WinSxS\amd64_microsoft.windows.common-controls_6595b64144ccf1df_6.0.18362.1016_none_9e7a36bbe461dae4\COMCTL32.dll
0x00007ffcf0350000 - 0x00007ffcf0685000 	C:\WINDOWS\System32\combase.dll
0x00007ffcee2e0000 - 0x00007ffcee360000 	C:\WINDOWS\System32\bcryptPrimitives.dll
0x00007ffcefde0000 - 0x00007ffcefe0e000 	C:\WINDOWS\System32\IMM32.DLL
0x000000005a9b0000 - 0x000000005aa82000 	E:\jdk1.8\jre\bin\msvcr100.dll
0x0000000058990000 - 0x0000000059232000 	E:\jdk1.8\jre\bin\server\jvm.dll
0x00007ffcef630000 - 0x00007ffcef638000 	C:\WINDOWS\System32\PSAPI.DLL
0x00007ffce5470000 - 0x00007ffce547a000 	C:\WINDOWS\SYSTEM32\VERSION.dll
0x00007ffce9550000 - 0x00007ffce9574000 	C:\WINDOWS\SYSTEM32\WINMM.dll
0x00007ffce4470000 - 0x00007ffce4479000 	C:\WINDOWS\SYSTEM32\WSOCK32.dll
0x00007ffcefe10000 - 0x00007ffcefe7f000 	C:\WINDOWS\System32\WS2_32.dll
0x00007ffce9520000 - 0x00007ffce954d000 	C:\WINDOWS\SYSTEM32\WINMMBASE.dll
0x00007ffcef1a0000 - 0x00007ffcef1ea000 	C:\WINDOWS\System32\cfgmgr32.dll
0x000000005a9a0000 - 0x000000005a9af000 	E:\jdk1.8\jre\bin\verify.dll
0x000000005a970000 - 0x000000005a999000 	E:\jdk1.8\jre\bin\java.dll
0x000000005a940000 - 0x000000005a963000 	E:\jdk1.8\jre\bin\instrument.dll
0x000000005a920000 - 0x000000005a936000 	E:\jdk1.8\jre\bin\zip.dll
0x00007ffcef6f0000 - 0x00007ffcefdd7000 	C:\WINDOWS\System32\SHELL32.dll
0x00007ffcef640000 - 0x00007ffcef6e9000 	C:\WINDOWS\System32\shcore.dll
0x00007ffcee6c0000 - 0x00007ffceee42000 	C:\WINDOWS\System32\windows.storage.dll
0x00007ffcee1f0000 - 0x00007ffcee213000 	C:\WINDOWS\System32\profapi.dll
0x00007ffcee1a0000 - 0x00007ffcee1ea000 	C:\WINDOWS\System32\powrprof.dll
0x00007ffcee170000 - 0x00007ffcee180000 	C:\WINDOWS\System32\UMPDC.dll
0x00007ffcef460000 - 0x00007ffcef4b2000 	C:\WINDOWS\System32\shlwapi.dll
0x00007ffcee180000 - 0x00007ffcee191000 	C:\WINDOWS\System32\kernel.appcore.dll
0x00007ffcee390000 - 0x00007ffcee3a7000 	C:\WINDOWS\System32\cryptsp.dll
0x00007ffce4410000 - 0x00007ffce442a000 	E:\IntelliJ IDEA 2020.1\bin\breakgen64.dll
0x000000005a900000 - 0x000000005a91a000 	E:\jdk1.8\jre\bin\net.dll
0x00007ffced9d0000 - 0x00007ffceda37000 	C:\WINDOWS\system32\mswsock.dll
0x00007ffcd3470000 - 0x00007ffcd3485000 	C:\Users\Lenovo\AppData\Local\Temp\SimpleQSlim_x64.dll
0x00007ffcdec20000 - 0x00007ffcdec39000 	C:\WINDOWS\SYSTEM32\VCRUNTIME140.dll
0x00007ffcc6680000 - 0x00007ffcc6711000 	C:\WINDOWS\SYSTEM32\MSVCP140.dll
0x00007ffce68e0000 - 0x00007ffce68ec000 	C:\WINDOWS\SYSTEM32\VCRUNTIME140_1.dll

VM Arguments:
jvm_args: -javaagent:E:\IntelliJ IDEA 2020.1\lib\idea_rt.jar=65526:E:\IntelliJ IDEA 2020.1\bin -Dfile.encoding=UTF-8 
java_command: com.cloudmtr.Test
java_class_path (initial): E:\jdk1.8\jre\lib\charsets.jar;E:\jdk1.8\jre\lib\deploy.jar;E:\jdk1.8\jre\lib\ext\access-bridge-64.jar;E:\jdk1.8\jre\lib\ext\cldrdata.jar;E:\jdk1.8\jre\lib\ext\dnsns.jar;E:\jdk1.8\jre\lib\ext\jaccess.jar;E:\jdk1.8\jre\lib\ext\jfxrt.jar;E:\jdk1.8\jre\lib\ext\localedata.jar;E:\jdk1.8\jre\lib\ext\nashorn.jar;E:\jdk1.8\jre\lib\ext\sunec.jar;E:\jdk1.8\jre\lib\ext\sunjce_provider.jar;E:\jdk1.8\jre\lib\ext\sunmscapi.jar;E:\jdk1.8\jre\lib\ext\sunpkcs11.jar;E:\jdk1.8\jre\lib\ext\zipfs.jar;E:\jdk1.8\jre\lib\javaws.jar;E:\jdk1.8\jre\lib\jce.jar;E:\jdk1.8\jre\lib\jfr.jar;E:\jdk1.8\jre\lib\jfxswt.jar;E:\jdk1.8\jre\lib\jsse.jar;E:\jdk1.8\jre\lib\management-agent.jar;E:\jdk1.8\jre\lib\plugin.jar;E:\jdk1.8\jre\lib\resources.jar;E:\jdk1.8\jre\lib\rt.jar;D:\JhonKkk\Other\sources\simplify\Simplify\out\test\Simplify;D:\JhonKkk\Other\sources\simplify\Simplify\out\production\main;E:\IntelliJ IDEA 2020.1\lib\idea_rt.jar
Launcher Type: SUN_STANDARD

Environment Variables:
JAVA_HOME=E:\jdk1.8
CLASSPATH=.;E:\jdk1.8\lib\dt.jar;E:\jdk1.8\lib\tools.jar;
PATH=E:\jdk1.8\bin;E:\jdk1.8\jre\bin;C:\Program Files (x86)\Common Files\Oracle\Java\javapath;C:\WINDOWS\system32;C:\WINDOWS;C:\WINDOWS\System32\Wbem;C:\WINDOWS\System32\WindowsPowerShell\v1.0\;C:\WINDOWS\System32\OpenSSH\;E:\Git\cmd;E:\nodeJs\;;C:\Program Files\NuGraf64;C:\Program Files\Common Files\Autodesk Shared\;C:\WINDOWS\system32\config\systemprofile\.dnx\bin;C:\Program Files\Microsoft DNX\Dnvm\;C:\Program Files\Microsoft SQL Server\130\Tools\Binn\;C:\Program Files (x86)\Autodesk\Backburner\;C:\Program Files (x86)\GtkSharp\2.12\bin;C:\Program Files\dotnet\;C:\Program Files\Microsoft SQL Server\Client SDK\ODBC\170\Tools\Binn\;C:\Users\Lenovo\AppData\Local\Microsoft\WindowsApps;C:\Users\Lenovo\AppData\Roaming\npm;C:\Users\Lenovo\.dotnet\tools;E:\Bandizip\
USERNAME=JhonKkk
OS=Windows_NT
PROCESSOR_IDENTIFIER=Intel64 Family 6 Model 158 Stepping 9, GenuineIntel



---------------  S Y S T E M  ---------------

OS: Windows 10.0 , 64 bit Build 18362 (10.0.18362.959)

CPU:total 8 (initial active 8) (4 cores per cpu, 2 threads per core) family 6 model 158 stepping 9, cmov, cx8, fxsr, mmx, sse, sse2, sse3, ssse3, sse4.1, sse4.2, popcnt, avx, avx2, aes, clmul, erms, 3dnowpref, lzcnt, ht, tsc, tscinvbit, bmi1, bmi2, adx

Memory: 4k page, physical 16666788k(2206180k free), swap 32029800k(0k free)

vm_info: Java HotSpot(TM) 64-Bit Server VM (25.181-b13) for windows-amd64 JRE (1.8.0_181-b13), built on Jul  7 2018 04:01:33 by "java_re" with MS VC++ 10.0 (VS2010)

time: Tue Sep 01 13:53:47 2020
elapsed time: 196 seconds (0d 0h 3m 16s)

